[2023-01-09 12:49:33] local.ERROR: require(/opt/lampp/htdocs/prejetFramework/projetlaravel/routes/api.php): Failed to open stream: No such file or directory {"exception":"[object] (ErrorException(code: 0): require(/opt/lampp/htdocs/prejetFramework/projetlaravel/routes/api.php): Failed to open stream: No such file or directory at /opt/lampp/htdocs/prejetFramework/projetlaravel/vendor/laravel/framework/src/Illuminate/Routing/RouteFileRegistrar.php:35)
[stacktrace]
#0 /opt/lampp/htdocs/prejetFramework/projetlaravel/vendor/laravel/framework/src/Illuminate/Foundation/Bootstrap/HandleExceptions.php(259): Illuminate\\Foundation\\Bootstrap\\HandleExceptions->handleError()
#1 /opt/lampp/htdocs/prejetFramework/projetlaravel/vendor/laravel/framework/src/Illuminate/Routing/RouteFileRegistrar.php(35): Illuminate\\Foundation\\Bootstrap\\HandleExceptions->Illuminate\\Foundation\\Bootstrap\\{closure}()
#2 /opt/lampp/htdocs/prejetFramework/projetlaravel/vendor/laravel/framework/src/Illuminate/Routing/RouteFileRegistrar.php(35): require('...')
#3 /opt/lampp/htdocs/prejetFramework/projetlaravel/vendor/laravel/framework/src/Illuminate/Routing/Router.php(432): Illuminate\\Routing\\RouteFileRegistrar->register()
#4 /opt/lampp/htdocs/prejetFramework/projetlaravel/vendor/laravel/framework/src/Illuminate/Routing/Router.php(386): Illuminate\\Routing\\Router->loadRoutes()
#5 /opt/lampp/htdocs/prejetFramework/projetlaravel/vendor/laravel/framework/src/Illuminate/Routing/RouteRegistrar.php(166): Illuminate\\Routing\\Router->group()
#6 /opt/lampp/htdocs/prejetFramework/projetlaravel/app/Providers/RouteServiceProvider.php(34): Illuminate\\Routing\\RouteRegistrar->group()
#7 /opt/lampp/htdocs/prejetFramework/projetlaravel/vendor/laravel/framework/src/Illuminate/Container/BoundMethod.php(36): App\\Providers\\RouteServiceProvider->App\\Providers\\{closure}()
#8 /opt/lampp/htdocs/prejetFramework/projetlaravel/vendor/laravel/framework/src/Illuminate/Container/Util.php(41): Illuminate\\Container\\BoundMethod::Illuminate\\Container\\{closure}()
#9 /opt/lampp/htdocs/prejetFramework/projetlaravel/vendor/laravel/framework/src/Illuminate/Container/BoundMethod.php(81): Illuminate\\Container\\Util::unwrapIfClosure()
#10 /opt/lampp/htdocs/prejetFramework/projetlaravel/vendor/laravel/framework/src/Illuminate/Container/BoundMethod.php(37): Illuminate\\Container\\BoundMethod::callBoundMethod()
#11 /opt/lampp/htdocs/prejetFramework/projetlaravel/vendor/laravel/framework/src/Illuminate/Container/Container.php(651): Illuminate\\Container\\BoundMethod::call()
#12 /opt/lampp/htdocs/prejetFramework/projetlaravel/vendor/laravel/framework/src/Illuminate/Foundation/Support/Providers/RouteServiceProvider.php(120): Illuminate\\Container\\Container->call()
#13 /opt/lampp/htdocs/prejetFramework/projetlaravel/vendor/laravel/framework/src/Illuminate/Foundation/Support/Providers/RouteServiceProvider.php(45): Illuminate\\Foundation\\Support\\Providers\\RouteServiceProvider->loadRoutes()
#14 /opt/lampp/htdocs/prejetFramework/projetlaravel/vendor/laravel/framework/src/Illuminate/Container/BoundMethod.php(36): Illuminate\\Foundation\\Support\\Providers\\RouteServiceProvider->Illuminate\\Foundation\\Support\\Providers\\{closure}()
#15 /opt/lampp/htdocs/prejetFramework/projetlaravel/vendor/laravel/framework/src/Illuminate/Container/Util.php(41): Illuminate\\Container\\BoundMethod::Illuminate\\Container\\{closure}()
#16 /opt/lampp/htdocs/prejetFramework/projetlaravel/vendor/laravel/framework/src/Illuminate/Container/BoundMethod.php(81): Illuminate\\Container\\Util::unwrapIfClosure()
#17 /opt/lampp/htdocs/prejetFramework/projetlaravel/vendor/laravel/framework/src/Illuminate/Container/BoundMethod.php(37): Illuminate\\Container\\BoundMethod::callBoundMethod()
#18 /opt/lampp/htdocs/prejetFramework/projetlaravel/vendor/laravel/framework/src/Illuminate/Container/Container.php(651): Illuminate\\Container\\BoundMethod::call()
#19 /opt/lampp/htdocs/prejetFramework/projetlaravel/vendor/laravel/framework/src/Illuminate/Support/ServiceProvider.php(119): Illuminate\\Container\\Container->call()
#20 /opt/lampp/htdocs/prejetFramework/projetlaravel/vendor/laravel/framework/src/Illuminate/Foundation/Application.php(936): Illuminate\\Support\\ServiceProvider->callBootedCallbacks()
#21 /opt/lampp/htdocs/prejetFramework/projetlaravel/vendor/laravel/framework/src/Illuminate/Foundation/Application.php(914): Illuminate\\Foundation\\Application->bootProvider()
#22 [internal function]: Illuminate\\Foundation\\Application->Illuminate\\Foundation\\{closure}()
#23 /opt/lampp/htdocs/prejetFramework/projetlaravel/vendor/laravel/framework/src/Illuminate/Foundation/Application.php(915): array_walk()
#24 /opt/lampp/htdocs/prejetFramework/projetlaravel/vendor/laravel/framework/src/Illuminate/Foundation/Bootstrap/BootProviders.php(17): Illuminate\\Foundation\\Application->boot()
#25 /opt/lampp/htdocs/prejetFramework/projetlaravel/vendor/laravel/framework/src/Illuminate/Foundation/Application.php(242): Illuminate\\Foundation\\Bootstrap\\BootProviders->bootstrap()
#26 /opt/lampp/htdocs/prejetFramework/projetlaravel/vendor/laravel/framework/src/Illuminate/Foundation/Console/Kernel.php(383): Illuminate\\Foundation\\Application->bootstrapWith()
#27 /opt/lampp/htdocs/prejetFramework/projetlaravel/vendor/laravel/framework/src/Illuminate/Foundation/Console/Kernel.php(153): Illuminate\\Foundation\\Console\\Kernel->bootstrap()
#28 /opt/lampp/htdocs/prejetFramework/projetlaravel/artisan(37): Illuminate\\Foundation\\Console\\Kernel->handle()
#29 {main}
"} 
[2023-01-09 12:51:42] local.ERROR: Please provide a valid cache path. {"exception":"[object] (InvalidArgumentException(code: 0): Please provide a valid cache path. at /opt/lampp/htdocs/prejetFramework/projetlaravel/vendor/laravel/framework/src/Illuminate/View/Compilers/Compiler.php:66)
[stacktrace]
#0 /opt/lampp/htdocs/prejetFramework/projetlaravel/vendor/laravel/framework/src/Illuminate/View/ViewServiceProvider.php(101): Illuminate\\View\\Compilers\\Compiler->__construct()
#1 /opt/lampp/htdocs/prejetFramework/projetlaravel/vendor/laravel/framework/src/Illuminate/Container/Container.php(871): Illuminate\\View\\ViewServiceProvider->Illuminate\\View\\{closure}()
#2 /opt/lampp/htdocs/prejetFramework/projetlaravel/vendor/laravel/framework/src/Illuminate/Container/Container.php(756): Illuminate\\Container\\Container->build()
#3 /opt/lampp/htdocs/prejetFramework/projetlaravel/vendor/laravel/framework/src/Illuminate/Foundation/Application.php(860): Illuminate\\Container\\Container->resolve()
#4 /opt/lampp/htdocs/prejetFramework/projetlaravel/vendor/laravel/framework/src/Illuminate/Container/Container.php(692): Illuminate\\Foundation\\Application->resolve()
#5 /opt/lampp/htdocs/prejetFramework/projetlaravel/vendor/laravel/framework/src/Illuminate/Foundation/Application.php(845): Illuminate\\Container\\Container->make()
#6 /opt/lampp/htdocs/prejetFramework/projetlaravel/vendor/laravel/framework/src/Illuminate/Container/Container.php(1419): Illuminate\\Foundation\\Application->make()
#7 /opt/lampp/htdocs/prejetFramework/projetlaravel/vendor/laravel/framework/src/Illuminate/View/ViewServiceProvider.php(164): Illuminate\\Container\\Container->offsetGet()
#8 [internal function]: Illuminate\\View\\ViewServiceProvider->Illuminate\\View\\{closure}()
#9 /opt/lampp/htdocs/prejetFramework/projetlaravel/vendor/laravel/framework/src/Illuminate/View/Engines/EngineResolver.php(55): call_user_func()
#10 /opt/lampp/htdocs/prejetFramework/projetlaravel/vendor/laravel/framework/src/Illuminate/View/Factory.php(310): Illuminate\\View\\Engines\\EngineResolver->resolve()
#11 /opt/lampp/htdocs/prejetFramework/projetlaravel/vendor/laravel/framework/src/Illuminate/View/Factory.php(274): Illuminate\\View\\Factory->getEngineFromPath()
#12 /opt/lampp/htdocs/prejetFramework/projetlaravel/vendor/laravel/framework/src/Illuminate/View/Factory.php(146): Illuminate\\View\\Factory->viewInstance()
#13 /opt/lampp/htdocs/prejetFramework/projetlaravel/vendor/laravel/framework/src/Illuminate/Routing/ResponseFactory.php(87): Illuminate\\View\\Factory->make()
#14 /opt/lampp/htdocs/prejetFramework/projetlaravel/vendor/laravel/framework/src/Illuminate/Foundation/Exceptions/Handler.php(629): Illuminate\\Routing\\ResponseFactory->view()
#15 /opt/lampp/htdocs/prejetFramework/projetlaravel/vendor/laravel/framework/src/Illuminate/Foundation/Exceptions/Handler.php(554): Illuminate\\Foundation\\Exceptions\\Handler->renderHttpException()
#16 /opt/lampp/htdocs/prejetFramework/projetlaravel/vendor/laravel/framework/src/Illuminate/Foundation/Exceptions/Handler.php(460): Illuminate\\Foundation\\Exceptions\\Handler->prepareResponse()
#17 /opt/lampp/htdocs/prejetFramework/projetlaravel/vendor/laravel/framework/src/Illuminate/Foundation/Exceptions/Handler.php(377): Illuminate\\Foundation\\Exceptions\\Handler->renderExceptionResponse()
#18 /opt/lampp/htdocs/prejetFramework/projetlaravel/vendor/laravel/framework/src/Illuminate/Routing/Pipeline.php(51): Illuminate\\Foundation\\Exceptions\\Handler->render()
#19 /opt/lampp/htdocs/prejetFramework/projetlaravel/vendor/laravel/framework/src/Illuminate/Pipeline/Pipeline.php(143): Illuminate\\Routing\\Pipeline->handleException()
#20 /opt/lampp/htdocs/prejetFramework/projetlaravel/vendor/laravel/framework/src/Illuminate/Foundation/Http/Middleware/TransformsRequest.php(21): Illuminate\\Pipeline\\Pipeline->Illuminate\\Pipeline\\{closure}()
#21 /opt/lampp/htdocs/prejetFramework/projetlaravel/vendor/laravel/framework/src/Illuminate/Foundation/Http/Middleware/ConvertEmptyStringsToNull.php(31): Illuminate\\Foundation\\Http\\Middleware\\TransformsRequest->handle()
#22 /opt/lampp/htdocs/prejetFramework/projetlaravel/vendor/laravel/framework/src/Illuminate/Pipeline/Pipeline.php(180): Illuminate\\Foundation\\Http\\Middleware\\ConvertEmptyStringsToNull->handle()
#23 /opt/lampp/htdocs/prejetFramework/projetlaravel/vendor/laravel/framework/src/Illuminate/Foundation/Http/Middleware/TransformsRequest.php(21): Illuminate\\Pipeline\\Pipeline->Illuminate\\Pipeline\\{closure}()
#24 /opt/lampp/htdocs/prejetFramework/projetlaravel/vendor/laravel/framework/src/Illuminate/Foundation/Http/Middleware/TrimStrings.php(40): Illuminate\\Foundation\\Http\\Middleware\\TransformsRequest->handle()
#25 /opt/lampp/htdocs/prejetFramework/projetlaravel/vendor/laravel/framework/src/Illuminate/Pipeline/Pipeline.php(180): Illuminate\\Foundation\\Http\\Middleware\\TrimStrings->handle()
#26 /opt/lampp/htdocs/prejetFramework/projetlaravel/vendor/laravel/framework/src/Illuminate/Foundation/Http/Middleware/ValidatePostSize.php(27): Illuminate\\Pipeline\\Pipeline->Illuminate\\Pipeline\\{closure}()
#27 /opt/lampp/htdocs/prejetFramework/projetlaravel/vendor/laravel/framework/src/Illuminate/Pipeline/Pipeline.php(180): Illuminate\\Foundation\\Http\\Middleware\\ValidatePostSize->handle()
#28 /opt/lampp/htdocs/prejetFramework/projetlaravel/vendor/laravel/framework/src/Illuminate/Foundation/Http/Middleware/PreventRequestsDuringMaintenance.php(86): Illuminate\\Pipeline\\Pipeline->Illuminate\\Pipeline\\{closure}()
#29 /opt/lampp/htdocs/prejetFramework/projetlaravel/vendor/laravel/framework/src/Illuminate/Pipeline/Pipeline.php(180): Illuminate\\Foundation\\Http\\Middleware\\PreventRequestsDuringMaintenance->handle()
#30 /opt/lampp/htdocs/prejetFramework/projetlaravel/vendor/laravel/framework/src/Illuminate/Http/Middleware/HandleCors.php(49): Illuminate\\Pipeline\\Pipeline->Illuminate\\Pipeline\\{closure}()
#31 /opt/lampp/htdocs/prejetFramework/projetlaravel/vendor/laravel/framework/src/Illuminate/Pipeline/Pipeline.php(180): Illuminate\\Http\\Middleware\\HandleCors->handle()
#32 /opt/lampp/htdocs/prejetFramework/projetlaravel/vendor/laravel/framework/src/Illuminate/Http/Middleware/TrustProxies.php(39): Illuminate\\Pipeline\\Pipeline->Illuminate\\Pipeline\\{closure}()
#33 /opt/lampp/htdocs/prejetFramework/projetlaravel/vendor/laravel/framework/src/Illuminate/Pipeline/Pipeline.php(180): Illuminate\\Http\\Middleware\\TrustProxies->handle()
#34 /opt/lampp/htdocs/prejetFramework/projetlaravel/vendor/laravel/framework/src/Illuminate/Pipeline/Pipeline.php(116): Illuminate\\Pipeline\\Pipeline->Illuminate\\Pipeline\\{closure}()
#35 /opt/lampp/htdocs/prejetFramework/projetlaravel/vendor/laravel/framework/src/Illuminate/Foundation/Http/Kernel.php(165): Illuminate\\Pipeline\\Pipeline->then()
#36 /opt/lampp/htdocs/prejetFramework/projetlaravel/vendor/laravel/framework/src/Illuminate/Foundation/Http/Kernel.php(134): Illuminate\\Foundation\\Http\\Kernel->sendRequestThroughRouter()
#37 /opt/lampp/htdocs/prejetFramework/projetlaravel/public/index.php(52): Illuminate\\Foundation\\Http\\Kernel->handle()
#38 /opt/lampp/htdocs/prejetFramework/projetlaravel/vendor/laravel/framework/src/Illuminate/Foundation/resources/server.php(16): require_once('...')
#39 {main}
"} 
[2023-01-09 12:53:43] local.ERROR: Please provide a valid cache path. {"exception":"[object] (InvalidArgumentException(code: 0): Please provide a valid cache path. at /opt/lampp/htdocs/prejetFramework/projetlaravel/vendor/laravel/framework/src/Illuminate/View/Compilers/Compiler.php:66)
[stacktrace]
#0 /opt/lampp/htdocs/prejetFramework/projetlaravel/vendor/laravel/framework/src/Illuminate/View/ViewServiceProvider.php(101): Illuminate\\View\\Compilers\\Compiler->__construct()
#1 /opt/lampp/htdocs/prejetFramework/projetlaravel/vendor/laravel/framework/src/Illuminate/Container/Container.php(871): Illuminate\\View\\ViewServiceProvider->Illuminate\\View\\{closure}()
#2 /opt/lampp/htdocs/prejetFramework/projetlaravel/vendor/laravel/framework/src/Illuminate/Container/Container.php(756): Illuminate\\Container\\Container->build()
#3 /opt/lampp/htdocs/prejetFramework/projetlaravel/vendor/laravel/framework/src/Illuminate/Foundation/Application.php(860): Illuminate\\Container\\Container->resolve()
#4 /opt/lampp/htdocs/prejetFramework/projetlaravel/vendor/laravel/framework/src/Illuminate/Container/Container.php(692): Illuminate\\Foundation\\Application->resolve()
#5 /opt/lampp/htdocs/prejetFramework/projetlaravel/vendor/laravel/framework/src/Illuminate/Foundation/Application.php(845): Illuminate\\Container\\Container->make()
#6 /opt/lampp/htdocs/prejetFramework/projetlaravel/vendor/laravel/framework/src/Illuminate/Container/Container.php(1419): Illuminate\\Foundation\\Application->make()
#7 /opt/lampp/htdocs/prejetFramework/projetlaravel/vendor/laravel/framework/src/Illuminate/View/ViewServiceProvider.php(164): Illuminate\\Container\\Container->offsetGet()
#8 [internal function]: Illuminate\\View\\ViewServiceProvider->Illuminate\\View\\{closure}()
#9 /opt/lampp/htdocs/prejetFramework/projetlaravel/vendor/laravel/framework/src/Illuminate/View/Engines/EngineResolver.php(55): call_user_func()
#10 /opt/lampp/htdocs/prejetFramework/projetlaravel/vendor/laravel/framework/src/Illuminate/View/Factory.php(310): Illuminate\\View\\Engines\\EngineResolver->resolve()
#11 /opt/lampp/htdocs/prejetFramework/projetlaravel/vendor/laravel/framework/src/Illuminate/View/Factory.php(274): Illuminate\\View\\Factory->getEngineFromPath()
#12 /opt/lampp/htdocs/prejetFramework/projetlaravel/vendor/laravel/framework/src/Illuminate/View/Factory.php(146): Illuminate\\View\\Factory->viewInstance()
#13 /opt/lampp/htdocs/prejetFramework/projetlaravel/vendor/laravel/framework/src/Illuminate/Routing/ResponseFactory.php(87): Illuminate\\View\\Factory->make()
#14 /opt/lampp/htdocs/prejetFramework/projetlaravel/vendor/laravel/framework/src/Illuminate/Foundation/Exceptions/Handler.php(629): Illuminate\\Routing\\ResponseFactory->view()
#15 /opt/lampp/htdocs/prejetFramework/projetlaravel/vendor/laravel/framework/src/Illuminate/Foundation/Exceptions/Handler.php(554): Illuminate\\Foundation\\Exceptions\\Handler->renderHttpException()
#16 /opt/lampp/htdocs/prejetFramework/projetlaravel/vendor/laravel/framework/src/Illuminate/Foundation/Exceptions/Handler.php(460): Illuminate\\Foundation\\Exceptions\\Handler->prepareResponse()
#17 /opt/lampp/htdocs/prejetFramework/projetlaravel/vendor/laravel/framework/src/Illuminate/Foundation/Exceptions/Handler.php(377): Illuminate\\Foundation\\Exceptions\\Handler->renderExceptionResponse()
#18 /opt/lampp/htdocs/prejetFramework/projetlaravel/vendor/laravel/framework/src/Illuminate/Routing/Pipeline.php(51): Illuminate\\Foundation\\Exceptions\\Handler->render()
#19 /opt/lampp/htdocs/prejetFramework/projetlaravel/vendor/laravel/framework/src/Illuminate/Pipeline/Pipeline.php(143): Illuminate\\Routing\\Pipeline->handleException()
#20 /opt/lampp/htdocs/prejetFramework/projetlaravel/vendor/laravel/framework/src/Illuminate/Foundation/Http/Middleware/TransformsRequest.php(21): Illuminate\\Pipeline\\Pipeline->Illuminate\\Pipeline\\{closure}()
#21 /opt/lampp/htdocs/prejetFramework/projetlaravel/vendor/laravel/framework/src/Illuminate/Foundation/Http/Middleware/ConvertEmptyStringsToNull.php(31): Illuminate\\Foundation\\Http\\Middleware\\TransformsRequest->handle()
#22 /opt/lampp/htdocs/prejetFramework/projetlaravel/vendor/laravel/framework/src/Illuminate/Pipeline/Pipeline.php(180): Illuminate\\Foundation\\Http\\Middleware\\ConvertEmptyStringsToNull->handle()
#23 /opt/lampp/htdocs/prejetFramework/projetlaravel/vendor/laravel/framework/src/Illuminate/Foundation/Http/Middleware/TransformsRequest.php(21): Illuminate\\Pipeline\\Pipeline->Illuminate\\Pipeline\\{closure}()
#24 /opt/lampp/htdocs/prejetFramework/projetlaravel/vendor/laravel/framework/src/Illuminate/Foundation/Http/Middleware/TrimStrings.php(40): Illuminate\\Foundation\\Http\\Middleware\\TransformsRequest->handle()
#25 /opt/lampp/htdocs/prejetFramework/projetlaravel/vendor/laravel/framework/src/Illuminate/Pipeline/Pipeline.php(180): Illuminate\\Foundation\\Http\\Middleware\\TrimStrings->handle()
#26 /opt/lampp/htdocs/prejetFramework/projetlaravel/vendor/laravel/framework/src/Illuminate/Foundation/Http/Middleware/ValidatePostSize.php(27): Illuminate\\Pipeline\\Pipeline->Illuminate\\Pipeline\\{closure}()
#27 /opt/lampp/htdocs/prejetFramework/projetlaravel/vendor/laravel/framework/src/Illuminate/Pipeline/Pipeline.php(180): Illuminate\\Foundation\\Http\\Middleware\\ValidatePostSize->handle()
#28 /opt/lampp/htdocs/prejetFramework/projetlaravel/vendor/laravel/framework/src/Illuminate/Foundation/Http/Middleware/PreventRequestsDuringMaintenance.php(86): Illuminate\\Pipeline\\Pipeline->Illuminate\\Pipeline\\{closure}()
#29 /opt/lampp/htdocs/prejetFramework/projetlaravel/vendor/laravel/framework/src/Illuminate/Pipeline/Pipeline.php(180): Illuminate\\Foundation\\Http\\Middleware\\PreventRequestsDuringMaintenance->handle()
#30 /opt/lampp/htdocs/prejetFramework/projetlaravel/vendor/laravel/framework/src/Illuminate/Http/Middleware/HandleCors.php(62): Illuminate\\Pipeline\\Pipeline->Illuminate\\Pipeline\\{closure}()
#31 /opt/lampp/htdocs/prejetFramework/projetlaravel/vendor/laravel/framework/src/Illuminate/Pipeline/Pipeline.php(180): Illuminate\\Http\\Middleware\\HandleCors->handle()
#32 /opt/lampp/htdocs/prejetFramework/projetlaravel/vendor/laravel/framework/src/Illuminate/Http/Middleware/TrustProxies.php(39): Illuminate\\Pipeline\\Pipeline->Illuminate\\Pipeline\\{closure}()
#33 /opt/lampp/htdocs/prejetFramework/projetlaravel/vendor/laravel/framework/src/Illuminate/Pipeline/Pipeline.php(180): Illuminate\\Http\\Middleware\\TrustProxies->handle()
#34 /opt/lampp/htdocs/prejetFramework/projetlaravel/vendor/laravel/framework/src/Illuminate/Pipeline/Pipeline.php(116): Illuminate\\Pipeline\\Pipeline->Illuminate\\Pipeline\\{closure}()
#35 /opt/lampp/htdocs/prejetFramework/projetlaravel/vendor/laravel/framework/src/Illuminate/Foundation/Http/Kernel.php(165): Illuminate\\Pipeline\\Pipeline->then()
#36 /opt/lampp/htdocs/prejetFramework/projetlaravel/vendor/laravel/framework/src/Illuminate/Foundation/Http/Kernel.php(134): Illuminate\\Foundation\\Http\\Kernel->sendRequestThroughRouter()
#37 /opt/lampp/htdocs/prejetFramework/projetlaravel/public/index.php(52): Illuminate\\Foundation\\Http\\Kernel->handle()
#38 /opt/lampp/htdocs/prejetFramework/projetlaravel/vendor/laravel/framework/src/Illuminate/Foundation/resources/server.php(16): require_once('...')
#39 {main}
"} 
[2023-01-09 12:56:24] local.ERROR: Please provide a valid cache path. {"exception":"[object] (InvalidArgumentException(code: 0): Please provide a valid cache path. at /opt/lampp/htdocs/prejetFramework/projetlaravel/vendor/laravel/framework/src/Illuminate/View/Compilers/Compiler.php:66)
[stacktrace]
#0 /opt/lampp/htdocs/prejetFramework/projetlaravel/vendor/laravel/framework/src/Illuminate/View/ViewServiceProvider.php(101): Illuminate\\View\\Compilers\\Compiler->__construct()
#1 /opt/lampp/htdocs/prejetFramework/projetlaravel/vendor/laravel/framework/src/Illuminate/Container/Container.php(871): Illuminate\\View\\ViewServiceProvider->Illuminate\\View\\{closure}()
#2 /opt/lampp/htdocs/prejetFramework/projetlaravel/vendor/laravel/framework/src/Illuminate/Container/Container.php(756): Illuminate\\Container\\Container->build()
#3 /opt/lampp/htdocs/prejetFramework/projetlaravel/vendor/laravel/framework/src/Illuminate/Foundation/Application.php(860): Illuminate\\Container\\Container->resolve()
#4 /opt/lampp/htdocs/prejetFramework/projetlaravel/vendor/laravel/framework/src/Illuminate/Container/Container.php(692): Illuminate\\Foundation\\Application->resolve()
#5 /opt/lampp/htdocs/prejetFramework/projetlaravel/vendor/laravel/framework/src/Illuminate/Foundation/Application.php(845): Illuminate\\Container\\Container->make()
#6 /opt/lampp/htdocs/prejetFramework/projetlaravel/vendor/laravel/framework/src/Illuminate/Container/Container.php(1419): Illuminate\\Foundation\\Application->make()
#7 /opt/lampp/htdocs/prejetFramework/projetlaravel/vendor/laravel/framework/src/Illuminate/View/ViewServiceProvider.php(164): Illuminate\\Container\\Container->offsetGet()
#8 [internal function]: Illuminate\\View\\ViewServiceProvider->Illuminate\\View\\{closure}()
#9 /opt/lampp/htdocs/prejetFramework/projetlaravel/vendor/laravel/framework/src/Illuminate/View/Engines/EngineResolver.php(55): call_user_func()
#10 /opt/lampp/htdocs/prejetFramework/projetlaravel/vendor/laravel/framework/src/Illuminate/View/Factory.php(310): Illuminate\\View\\Engines\\EngineResolver->resolve()
#11 /opt/lampp/htdocs/prejetFramework/projetlaravel/vendor/laravel/framework/src/Illuminate/View/Factory.php(274): Illuminate\\View\\Factory->getEngineFromPath()
#12 /opt/lampp/htdocs/prejetFramework/projetlaravel/vendor/laravel/framework/src/Illuminate/View/Factory.php(146): Illuminate\\View\\Factory->viewInstance()
#13 /opt/lampp/htdocs/prejetFramework/projetlaravel/vendor/laravel/framework/src/Illuminate/Routing/ResponseFactory.php(87): Illuminate\\View\\Factory->make()
#14 /opt/lampp/htdocs/prejetFramework/projetlaravel/vendor/laravel/framework/src/Illuminate/Foundation/Exceptions/Handler.php(629): Illuminate\\Routing\\ResponseFactory->view()
#15 /opt/lampp/htdocs/prejetFramework/projetlaravel/vendor/laravel/framework/src/Illuminate/Foundation/Exceptions/Handler.php(554): Illuminate\\Foundation\\Exceptions\\Handler->renderHttpException()
#16 /opt/lampp/htdocs/prejetFramework/projetlaravel/vendor/laravel/framework/src/Illuminate/Foundation/Exceptions/Handler.php(460): Illuminate\\Foundation\\Exceptions\\Handler->prepareResponse()
#17 /opt/lampp/htdocs/prejetFramework/projetlaravel/vendor/laravel/framework/src/Illuminate/Foundation/Exceptions/Handler.php(377): Illuminate\\Foundation\\Exceptions\\Handler->renderExceptionResponse()
#18 /opt/lampp/htdocs/prejetFramework/projetlaravel/vendor/laravel/framework/src/Illuminate/Routing/Pipeline.php(51): Illuminate\\Foundation\\Exceptions\\Handler->render()
#19 /opt/lampp/htdocs/prejetFramework/projetlaravel/vendor/laravel/framework/src/Illuminate/Pipeline/Pipeline.php(143): Illuminate\\Routing\\Pipeline->handleException()
#20 /opt/lampp/htdocs/prejetFramework/projetlaravel/vendor/laravel/framework/src/Illuminate/Routing/Middleware/SubstituteBindings.php(50): Illuminate\\Pipeline\\Pipeline->Illuminate\\Pipeline\\{closure}()
#21 /opt/lampp/htdocs/prejetFramework/projetlaravel/vendor/laravel/framework/src/Illuminate/Pipeline/Pipeline.php(180): Illuminate\\Routing\\Middleware\\SubstituteBindings->handle()
#22 /opt/lampp/htdocs/prejetFramework/projetlaravel/vendor/laravel/framework/src/Illuminate/Routing/Middleware/ThrottleRequests.php(126): Illuminate\\Pipeline\\Pipeline->Illuminate\\Pipeline\\{closure}()
#23 /opt/lampp/htdocs/prejetFramework/projetlaravel/vendor/laravel/framework/src/Illuminate/Routing/Middleware/ThrottleRequests.php(102): Illuminate\\Routing\\Middleware\\ThrottleRequests->handleRequest()
#24 /opt/lampp/htdocs/prejetFramework/projetlaravel/vendor/laravel/framework/src/Illuminate/Routing/Middleware/ThrottleRequests.php(54): Illuminate\\Routing\\Middleware\\ThrottleRequests->handleRequestUsingNamedLimiter()
#25 /opt/lampp/htdocs/prejetFramework/projetlaravel/vendor/laravel/framework/src/Illuminate/Pipeline/Pipeline.php(180): Illuminate\\Routing\\Middleware\\ThrottleRequests->handle()
#26 /opt/lampp/htdocs/prejetFramework/projetlaravel/vendor/laravel/framework/src/Illuminate/Pipeline/Pipeline.php(116): Illuminate\\Pipeline\\Pipeline->Illuminate\\Pipeline\\{closure}()
#27 /opt/lampp/htdocs/prejetFramework/projetlaravel/vendor/laravel/framework/src/Illuminate/Routing/Router.php(728): Illuminate\\Pipeline\\Pipeline->then()
#28 /opt/lampp/htdocs/prejetFramework/projetlaravel/vendor/laravel/framework/src/Illuminate/Routing/Router.php(705): Illuminate\\Routing\\Router->runRouteWithinStack()
#29 /opt/lampp/htdocs/prejetFramework/projetlaravel/vendor/laravel/framework/src/Illuminate/Routing/Router.php(669): Illuminate\\Routing\\Router->runRoute()
#30 /opt/lampp/htdocs/prejetFramework/projetlaravel/vendor/laravel/framework/src/Illuminate/Routing/Router.php(658): Illuminate\\Routing\\Router->dispatchToRoute()
#31 /opt/lampp/htdocs/prejetFramework/projetlaravel/vendor/laravel/framework/src/Illuminate/Foundation/Http/Kernel.php(190): Illuminate\\Routing\\Router->dispatch()
#32 /opt/lampp/htdocs/prejetFramework/projetlaravel/vendor/laravel/framework/src/Illuminate/Pipeline/Pipeline.php(141): Illuminate\\Foundation\\Http\\Kernel->Illuminate\\Foundation\\Http\\{closure}()
#33 /opt/lampp/htdocs/prejetFramework/projetlaravel/vendor/laravel/framework/src/Illuminate/Foundation/Http/Middleware/TransformsRequest.php(21): Illuminate\\Pipeline\\Pipeline->Illuminate\\Pipeline\\{closure}()
#34 /opt/lampp/htdocs/prejetFramework/projetlaravel/vendor/laravel/framework/src/Illuminate/Foundation/Http/Middleware/ConvertEmptyStringsToNull.php(31): Illuminate\\Foundation\\Http\\Middleware\\TransformsRequest->handle()
#35 /opt/lampp/htdocs/prejetFramework/projetlaravel/vendor/laravel/framework/src/Illuminate/Pipeline/Pipeline.php(180): Illuminate\\Foundation\\Http\\Middleware\\ConvertEmptyStringsToNull->handle()
#36 /opt/lampp/htdocs/prejetFramework/projetlaravel/vendor/laravel/framework/src/Illuminate/Foundation/Http/Middleware/TransformsRequest.php(21): Illuminate\\Pipeline\\Pipeline->Illuminate\\Pipeline\\{closure}()
#37 /opt/lampp/htdocs/prejetFramework/projetlaravel/vendor/laravel/framework/src/Illuminate/Foundation/Http/Middleware/TrimStrings.php(40): Illuminate\\Foundation\\Http\\Middleware\\TransformsRequest->handle()
#38 /opt/lampp/htdocs/prejetFramework/projetlaravel/vendor/laravel/framework/src/Illuminate/Pipeline/Pipeline.php(180): Illuminate\\Foundation\\Http\\Middleware\\TrimStrings->handle()
#39 /opt/lampp/htdocs/prejetFramework/projetlaravel/vendor/laravel/framework/src/Illuminate/Foundation/Http/Middleware/ValidatePostSize.php(27): Illuminate\\Pipeline\\Pipeline->Illuminate\\Pipeline\\{closure}()
#40 /opt/lampp/htdocs/prejetFramework/projetlaravel/vendor/laravel/framework/src/Illuminate/Pipeline/Pipeline.php(180): Illuminate\\Foundation\\Http\\Middleware\\ValidatePostSize->handle()
#41 /opt/lampp/htdocs/prejetFramework/projetlaravel/vendor/laravel/framework/src/Illuminate/Foundation/Http/Middleware/PreventRequestsDuringMaintenance.php(86): Illuminate\\Pipeline\\Pipeline->Illuminate\\Pipeline\\{closure}()
#42 /opt/lampp/htdocs/prejetFramework/projetlaravel/vendor/laravel/framework/src/Illuminate/Pipeline/Pipeline.php(180): Illuminate\\Foundation\\Http\\Middleware\\PreventRequestsDuringMaintenance->handle()
#43 /opt/lampp/htdocs/prejetFramework/projetlaravel/vendor/laravel/framework/src/Illuminate/Http/Middleware/HandleCors.php(62): Illuminate\\Pipeline\\Pipeline->Illuminate\\Pipeline\\{closure}()
#44 /opt/lampp/htdocs/prejetFramework/projetlaravel/vendor/laravel/framework/src/Illuminate/Pipeline/Pipeline.php(180): Illuminate\\Http\\Middleware\\HandleCors->handle()
#45 /opt/lampp/htdocs/prejetFramework/projetlaravel/vendor/laravel/framework/src/Illuminate/Http/Middleware/TrustProxies.php(39): Illuminate\\Pipeline\\Pipeline->Illuminate\\Pipeline\\{closure}()
#46 /opt/lampp/htdocs/prejetFramework/projetlaravel/vendor/laravel/framework/src/Illuminate/Pipeline/Pipeline.php(180): Illuminate\\Http\\Middleware\\TrustProxies->handle()
#47 /opt/lampp/htdocs/prejetFramework/projetlaravel/vendor/laravel/framework/src/Illuminate/Pipeline/Pipeline.php(116): Illuminate\\Pipeline\\Pipeline->Illuminate\\Pipeline\\{closure}()
#48 /opt/lampp/htdocs/prejetFramework/projetlaravel/vendor/laravel/framework/src/Illuminate/Foundation/Http/Kernel.php(165): Illuminate\\Pipeline\\Pipeline->then()
#49 /opt/lampp/htdocs/prejetFramework/projetlaravel/vendor/laravel/framework/src/Illuminate/Foundation/Http/Kernel.php(134): Illuminate\\Foundation\\Http\\Kernel->sendRequestThroughRouter()
#50 /opt/lampp/htdocs/prejetFramework/projetlaravel/public/index.php(52): Illuminate\\Foundation\\Http\\Kernel->handle()
#51 /opt/lampp/htdocs/prejetFramework/projetlaravel/vendor/laravel/framework/src/Illuminate/Foundation/resources/server.php(16): require_once('...')
#52 {main}
"} 
[2023-01-09 13:18:01] local.ERROR: Please provide a valid cache path. {"exception":"[object] (InvalidArgumentException(code: 0): Please provide a valid cache path. at /opt/lampp/htdocs/prejetFramework/projetlaravel/vendor/laravel/framework/src/Illuminate/View/Compilers/Compiler.php:66)
[stacktrace]
#0 /opt/lampp/htdocs/prejetFramework/projetlaravel/vendor/laravel/framework/src/Illuminate/View/ViewServiceProvider.php(101): Illuminate\\View\\Compilers\\Compiler->__construct()
#1 /opt/lampp/htdocs/prejetFramework/projetlaravel/vendor/laravel/framework/src/Illuminate/Container/Container.php(871): Illuminate\\View\\ViewServiceProvider->Illuminate\\View\\{closure}()
#2 /opt/lampp/htdocs/prejetFramework/projetlaravel/vendor/laravel/framework/src/Illuminate/Container/Container.php(756): Illuminate\\Container\\Container->build()
#3 /opt/lampp/htdocs/prejetFramework/projetlaravel/vendor/laravel/framework/src/Illuminate/Foundation/Application.php(860): Illuminate\\Container\\Container->resolve()
#4 /opt/lampp/htdocs/prejetFramework/projetlaravel/vendor/laravel/framework/src/Illuminate/Container/Container.php(692): Illuminate\\Foundation\\Application->resolve()
#5 /opt/lampp/htdocs/prejetFramework/projetlaravel/vendor/laravel/framework/src/Illuminate/Foundation/Application.php(845): Illuminate\\Container\\Container->make()
#6 /opt/lampp/htdocs/prejetFramework/projetlaravel/vendor/laravel/framework/src/Illuminate/Container/Container.php(1419): Illuminate\\Foundation\\Application->make()
#7 /opt/lampp/htdocs/prejetFramework/projetlaravel/vendor/laravel/framework/src/Illuminate/View/ViewServiceProvider.php(164): Illuminate\\Container\\Container->offsetGet()
#8 [internal function]: Illuminate\\View\\ViewServiceProvider->Illuminate\\View\\{closure}()
#9 /opt/lampp/htdocs/prejetFramework/projetlaravel/vendor/laravel/framework/src/Illuminate/View/Engines/EngineResolver.php(55): call_user_func()
#10 /opt/lampp/htdocs/prejetFramework/projetlaravel/vendor/laravel/framework/src/Illuminate/View/Factory.php(310): Illuminate\\View\\Engines\\EngineResolver->resolve()
#11 /opt/lampp/htdocs/prejetFramework/projetlaravel/vendor/laravel/framework/src/Illuminate/View/Factory.php(274): Illuminate\\View\\Factory->getEngineFromPath()
#12 /opt/lampp/htdocs/prejetFramework/projetlaravel/vendor/laravel/framework/src/Illuminate/View/Factory.php(146): Illuminate\\View\\Factory->viewInstance()
#13 /opt/lampp/htdocs/prejetFramework/projetlaravel/vendor/laravel/framework/src/Illuminate/Routing/ResponseFactory.php(87): Illuminate\\View\\Factory->make()
#14 /opt/lampp/htdocs/prejetFramework/projetlaravel/vendor/laravel/framework/src/Illuminate/Foundation/Exceptions/Handler.php(629): Illuminate\\Routing\\ResponseFactory->view()
#15 /opt/lampp/htdocs/prejetFramework/projetlaravel/vendor/laravel/framework/src/Illuminate/Foundation/Exceptions/Handler.php(554): Illuminate\\Foundation\\Exceptions\\Handler->renderHttpException()
#16 /opt/lampp/htdocs/prejetFramework/projetlaravel/vendor/laravel/framework/src/Illuminate/Foundation/Exceptions/Handler.php(460): Illuminate\\Foundation\\Exceptions\\Handler->prepareResponse()
#17 /opt/lampp/htdocs/prejetFramework/projetlaravel/vendor/laravel/framework/src/Illuminate/Foundation/Exceptions/Handler.php(377): Illuminate\\Foundation\\Exceptions\\Handler->renderExceptionResponse()
#18 /opt/lampp/htdocs/prejetFramework/projetlaravel/vendor/laravel/framework/src/Illuminate/Routing/Pipeline.php(51): Illuminate\\Foundation\\Exceptions\\Handler->render()
#19 /opt/lampp/htdocs/prejetFramework/projetlaravel/vendor/laravel/framework/src/Illuminate/Pipeline/Pipeline.php(143): Illuminate\\Routing\\Pipeline->handleException()
#20 /opt/lampp/htdocs/prejetFramework/projetlaravel/vendor/laravel/framework/src/Illuminate/Foundation/Http/Middleware/TransformsRequest.php(21): Illuminate\\Pipeline\\Pipeline->Illuminate\\Pipeline\\{closure}()
#21 /opt/lampp/htdocs/prejetFramework/projetlaravel/vendor/laravel/framework/src/Illuminate/Foundation/Http/Middleware/ConvertEmptyStringsToNull.php(31): Illuminate\\Foundation\\Http\\Middleware\\TransformsRequest->handle()
#22 /opt/lampp/htdocs/prejetFramework/projetlaravel/vendor/laravel/framework/src/Illuminate/Pipeline/Pipeline.php(180): Illuminate\\Foundation\\Http\\Middleware\\ConvertEmptyStringsToNull->handle()
#23 /opt/lampp/htdocs/prejetFramework/projetlaravel/vendor/laravel/framework/src/Illuminate/Foundation/Http/Middleware/TransformsRequest.php(21): Illuminate\\Pipeline\\Pipeline->Illuminate\\Pipeline\\{closure}()
#24 /opt/lampp/htdocs/prejetFramework/projetlaravel/vendor/laravel/framework/src/Illuminate/Foundation/Http/Middleware/TrimStrings.php(40): Illuminate\\Foundation\\Http\\Middleware\\TransformsRequest->handle()
#25 /opt/lampp/htdocs/prejetFramework/projetlaravel/vendor/laravel/framework/src/Illuminate/Pipeline/Pipeline.php(180): Illuminate\\Foundation\\Http\\Middleware\\TrimStrings->handle()
#26 /opt/lampp/htdocs/prejetFramework/projetlaravel/vendor/laravel/framework/src/Illuminate/Foundation/Http/Middleware/ValidatePostSize.php(27): Illuminate\\Pipeline\\Pipeline->Illuminate\\Pipeline\\{closure}()
#27 /opt/lampp/htdocs/prejetFramework/projetlaravel/vendor/laravel/framework/src/Illuminate/Pipeline/Pipeline.php(180): Illuminate\\Foundation\\Http\\Middleware\\ValidatePostSize->handle()
#28 /opt/lampp/htdocs/prejetFramework/projetlaravel/vendor/laravel/framework/src/Illuminate/Foundation/Http/Middleware/PreventRequestsDuringMaintenance.php(86): Illuminate\\Pipeline\\Pipeline->Illuminate\\Pipeline\\{closure}()
#29 /opt/lampp/htdocs/prejetFramework/projetlaravel/vendor/laravel/framework/src/Illuminate/Pipeline/Pipeline.php(180): Illuminate\\Foundation\\Http\\Middleware\\PreventRequestsDuringMaintenance->handle()
#30 /opt/lampp/htdocs/prejetFramework/projetlaravel/vendor/laravel/framework/src/Illuminate/Http/Middleware/HandleCors.php(49): Illuminate\\Pipeline\\Pipeline->Illuminate\\Pipeline\\{closure}()
#31 /opt/lampp/htdocs/prejetFramework/projetlaravel/vendor/laravel/framework/src/Illuminate/Pipeline/Pipeline.php(180): Illuminate\\Http\\Middleware\\HandleCors->handle()
#32 /opt/lampp/htdocs/prejetFramework/projetlaravel/vendor/laravel/framework/src/Illuminate/Http/Middleware/TrustProxies.php(39): Illuminate\\Pipeline\\Pipeline->Illuminate\\Pipeline\\{closure}()
#33 /opt/lampp/htdocs/prejetFramework/projetlaravel/vendor/laravel/framework/src/Illuminate/Pipeline/Pipeline.php(180): Illuminate\\Http\\Middleware\\TrustProxies->handle()
#34 /opt/lampp/htdocs/prejetFramework/projetlaravel/vendor/laravel/framework/src/Illuminate/Pipeline/Pipeline.php(116): Illuminate\\Pipeline\\Pipeline->Illuminate\\Pipeline\\{closure}()
#35 /opt/lampp/htdocs/prejetFramework/projetlaravel/vendor/laravel/framework/src/Illuminate/Foundation/Http/Kernel.php(165): Illuminate\\Pipeline\\Pipeline->then()
#36 /opt/lampp/htdocs/prejetFramework/projetlaravel/vendor/laravel/framework/src/Illuminate/Foundation/Http/Kernel.php(134): Illuminate\\Foundation\\Http\\Kernel->sendRequestThroughRouter()
#37 /opt/lampp/htdocs/prejetFramework/projetlaravel/public/index.php(52): Illuminate\\Foundation\\Http\\Kernel->handle()
#38 /opt/lampp/htdocs/prejetFramework/projetlaravel/vendor/laravel/framework/src/Illuminate/Foundation/resources/server.php(16): require_once('...')
#39 {main}
"} 
[2023-01-09 13:18:16] local.ERROR: Please provide a valid cache path. {"exception":"[object] (InvalidArgumentException(code: 0): Please provide a valid cache path. at /opt/lampp/htdocs/prejetFramework/projetlaravel/vendor/laravel/framework/src/Illuminate/View/Compilers/Compiler.php:66)
[stacktrace]
#0 /opt/lampp/htdocs/prejetFramework/projetlaravel/vendor/laravel/framework/src/Illuminate/View/ViewServiceProvider.php(101): Illuminate\\View\\Compilers\\Compiler->__construct()
#1 /opt/lampp/htdocs/prejetFramework/projetlaravel/vendor/laravel/framework/src/Illuminate/Container/Container.php(871): Illuminate\\View\\ViewServiceProvider->Illuminate\\View\\{closure}()
#2 /opt/lampp/htdocs/prejetFramework/projetlaravel/vendor/laravel/framework/src/Illuminate/Container/Container.php(756): Illuminate\\Container\\Container->build()
#3 /opt/lampp/htdocs/prejetFramework/projetlaravel/vendor/laravel/framework/src/Illuminate/Foundation/Application.php(860): Illuminate\\Container\\Container->resolve()
#4 /opt/lampp/htdocs/prejetFramework/projetlaravel/vendor/laravel/framework/src/Illuminate/Container/Container.php(692): Illuminate\\Foundation\\Application->resolve()
#5 /opt/lampp/htdocs/prejetFramework/projetlaravel/vendor/laravel/framework/src/Illuminate/Foundation/Application.php(845): Illuminate\\Container\\Container->make()
#6 /opt/lampp/htdocs/prejetFramework/projetlaravel/vendor/laravel/framework/src/Illuminate/Container/Container.php(1419): Illuminate\\Foundation\\Application->make()
#7 /opt/lampp/htdocs/prejetFramework/projetlaravel/vendor/laravel/framework/src/Illuminate/View/ViewServiceProvider.php(164): Illuminate\\Container\\Container->offsetGet()
#8 [internal function]: Illuminate\\View\\ViewServiceProvider->Illuminate\\View\\{closure}()
#9 /opt/lampp/htdocs/prejetFramework/projetlaravel/vendor/laravel/framework/src/Illuminate/View/Engines/EngineResolver.php(55): call_user_func()
#10 /opt/lampp/htdocs/prejetFramework/projetlaravel/vendor/laravel/framework/src/Illuminate/View/Factory.php(310): Illuminate\\View\\Engines\\EngineResolver->resolve()
#11 /opt/lampp/htdocs/prejetFramework/projetlaravel/vendor/laravel/framework/src/Illuminate/View/Factory.php(274): Illuminate\\View\\Factory->getEngineFromPath()
#12 /opt/lampp/htdocs/prejetFramework/projetlaravel/vendor/laravel/framework/src/Illuminate/View/Factory.php(146): Illuminate\\View\\Factory->viewInstance()
#13 /opt/lampp/htdocs/prejetFramework/projetlaravel/vendor/laravel/framework/src/Illuminate/Routing/ResponseFactory.php(87): Illuminate\\View\\Factory->make()
#14 /opt/lampp/htdocs/prejetFramework/projetlaravel/vendor/laravel/framework/src/Illuminate/Foundation/Exceptions/Handler.php(629): Illuminate\\Routing\\ResponseFactory->view()
#15 /opt/lampp/htdocs/prejetFramework/projetlaravel/vendor/laravel/framework/src/Illuminate/Foundation/Exceptions/Handler.php(554): Illuminate\\Foundation\\Exceptions\\Handler->renderHttpException()
#16 /opt/lampp/htdocs/prejetFramework/projetlaravel/vendor/laravel/framework/src/Illuminate/Foundation/Exceptions/Handler.php(460): Illuminate\\Foundation\\Exceptions\\Handler->prepareResponse()
#17 /opt/lampp/htdocs/prejetFramework/projetlaravel/vendor/laravel/framework/src/Illuminate/Foundation/Exceptions/Handler.php(377): Illuminate\\Foundation\\Exceptions\\Handler->renderExceptionResponse()
#18 /opt/lampp/htdocs/prejetFramework/projetlaravel/vendor/laravel/framework/src/Illuminate/Routing/Pipeline.php(51): Illuminate\\Foundation\\Exceptions\\Handler->render()
#19 /opt/lampp/htdocs/prejetFramework/projetlaravel/vendor/laravel/framework/src/Illuminate/Pipeline/Pipeline.php(143): Illuminate\\Routing\\Pipeline->handleException()
#20 /opt/lampp/htdocs/prejetFramework/projetlaravel/vendor/laravel/framework/src/Illuminate/Foundation/Http/Middleware/TransformsRequest.php(21): Illuminate\\Pipeline\\Pipeline->Illuminate\\Pipeline\\{closure}()
#21 /opt/lampp/htdocs/prejetFramework/projetlaravel/vendor/laravel/framework/src/Illuminate/Foundation/Http/Middleware/ConvertEmptyStringsToNull.php(31): Illuminate\\Foundation\\Http\\Middleware\\TransformsRequest->handle()
#22 /opt/lampp/htdocs/prejetFramework/projetlaravel/vendor/laravel/framework/src/Illuminate/Pipeline/Pipeline.php(180): Illuminate\\Foundation\\Http\\Middleware\\ConvertEmptyStringsToNull->handle()
#23 /opt/lampp/htdocs/prejetFramework/projetlaravel/vendor/laravel/framework/src/Illuminate/Foundation/Http/Middleware/TransformsRequest.php(21): Illuminate\\Pipeline\\Pipeline->Illuminate\\Pipeline\\{closure}()
#24 /opt/lampp/htdocs/prejetFramework/projetlaravel/vendor/laravel/framework/src/Illuminate/Foundation/Http/Middleware/TrimStrings.php(40): Illuminate\\Foundation\\Http\\Middleware\\TransformsRequest->handle()
#25 /opt/lampp/htdocs/prejetFramework/projetlaravel/vendor/laravel/framework/src/Illuminate/Pipeline/Pipeline.php(180): Illuminate\\Foundation\\Http\\Middleware\\TrimStrings->handle()
#26 /opt/lampp/htdocs/prejetFramework/projetlaravel/vendor/laravel/framework/src/Illuminate/Foundation/Http/Middleware/ValidatePostSize.php(27): Illuminate\\Pipeline\\Pipeline->Illuminate\\Pipeline\\{closure}()
#27 /opt/lampp/htdocs/prejetFramework/projetlaravel/vendor/laravel/framework/src/Illuminate/Pipeline/Pipeline.php(180): Illuminate\\Foundation\\Http\\Middleware\\ValidatePostSize->handle()
#28 /opt/lampp/htdocs/prejetFramework/projetlaravel/vendor/laravel/framework/src/Illuminate/Foundation/Http/Middleware/PreventRequestsDuringMaintenance.php(86): Illuminate\\Pipeline\\Pipeline->Illuminate\\Pipeline\\{closure}()
#29 /opt/lampp/htdocs/prejetFramework/projetlaravel/vendor/laravel/framework/src/Illuminate/Pipeline/Pipeline.php(180): Illuminate\\Foundation\\Http\\Middleware\\PreventRequestsDuringMaintenance->handle()
#30 /opt/lampp/htdocs/prejetFramework/projetlaravel/vendor/laravel/framework/src/Illuminate/Http/Middleware/HandleCors.php(49): Illuminate\\Pipeline\\Pipeline->Illuminate\\Pipeline\\{closure}()
#31 /opt/lampp/htdocs/prejetFramework/projetlaravel/vendor/laravel/framework/src/Illuminate/Pipeline/Pipeline.php(180): Illuminate\\Http\\Middleware\\HandleCors->handle()
#32 /opt/lampp/htdocs/prejetFramework/projetlaravel/vendor/laravel/framework/src/Illuminate/Http/Middleware/TrustProxies.php(39): Illuminate\\Pipeline\\Pipeline->Illuminate\\Pipeline\\{closure}()
#33 /opt/lampp/htdocs/prejetFramework/projetlaravel/vendor/laravel/framework/src/Illuminate/Pipeline/Pipeline.php(180): Illuminate\\Http\\Middleware\\TrustProxies->handle()
#34 /opt/lampp/htdocs/prejetFramework/projetlaravel/vendor/laravel/framework/src/Illuminate/Pipeline/Pipeline.php(116): Illuminate\\Pipeline\\Pipeline->Illuminate\\Pipeline\\{closure}()
#35 /opt/lampp/htdocs/prejetFramework/projetlaravel/vendor/laravel/framework/src/Illuminate/Foundation/Http/Kernel.php(165): Illuminate\\Pipeline\\Pipeline->then()
#36 /opt/lampp/htdocs/prejetFramework/projetlaravel/vendor/laravel/framework/src/Illuminate/Foundation/Http/Kernel.php(134): Illuminate\\Foundation\\Http\\Kernel->sendRequestThroughRouter()
#37 /opt/lampp/htdocs/prejetFramework/projetlaravel/public/index.php(52): Illuminate\\Foundation\\Http\\Kernel->handle()
#38 /opt/lampp/htdocs/prejetFramework/projetlaravel/vendor/laravel/framework/src/Illuminate/Foundation/resources/server.php(16): require_once('...')
#39 {main}
"} 
[2023-01-09 13:18:59] local.ERROR: Please provide a valid cache path. {"exception":"[object] (InvalidArgumentException(code: 0): Please provide a valid cache path. at /opt/lampp/htdocs/prejetFramework/projetlaravel/vendor/laravel/framework/src/Illuminate/View/Compilers/Compiler.php:66)
[stacktrace]
#0 /opt/lampp/htdocs/prejetFramework/projetlaravel/vendor/laravel/framework/src/Illuminate/View/ViewServiceProvider.php(101): Illuminate\\View\\Compilers\\Compiler->__construct()
#1 /opt/lampp/htdocs/prejetFramework/projetlaravel/vendor/laravel/framework/src/Illuminate/Container/Container.php(871): Illuminate\\View\\ViewServiceProvider->Illuminate\\View\\{closure}()
#2 /opt/lampp/htdocs/prejetFramework/projetlaravel/vendor/laravel/framework/src/Illuminate/Container/Container.php(756): Illuminate\\Container\\Container->build()
#3 /opt/lampp/htdocs/prejetFramework/projetlaravel/vendor/laravel/framework/src/Illuminate/Foundation/Application.php(860): Illuminate\\Container\\Container->resolve()
#4 /opt/lampp/htdocs/prejetFramework/projetlaravel/vendor/laravel/framework/src/Illuminate/Container/Container.php(692): Illuminate\\Foundation\\Application->resolve()
#5 /opt/lampp/htdocs/prejetFramework/projetlaravel/vendor/laravel/framework/src/Illuminate/Foundation/Application.php(845): Illuminate\\Container\\Container->make()
#6 /opt/lampp/htdocs/prejetFramework/projetlaravel/vendor/laravel/framework/src/Illuminate/Container/Container.php(1419): Illuminate\\Foundation\\Application->make()
#7 /opt/lampp/htdocs/prejetFramework/projetlaravel/vendor/laravel/framework/src/Illuminate/View/ViewServiceProvider.php(164): Illuminate\\Container\\Container->offsetGet()
#8 [internal function]: Illuminate\\View\\ViewServiceProvider->Illuminate\\View\\{closure}()
#9 /opt/lampp/htdocs/prejetFramework/projetlaravel/vendor/laravel/framework/src/Illuminate/View/Engines/EngineResolver.php(55): call_user_func()
#10 /opt/lampp/htdocs/prejetFramework/projetlaravel/vendor/laravel/framework/src/Illuminate/View/Factory.php(310): Illuminate\\View\\Engines\\EngineResolver->resolve()
#11 /opt/lampp/htdocs/prejetFramework/projetlaravel/vendor/laravel/framework/src/Illuminate/View/Factory.php(274): Illuminate\\View\\Factory->getEngineFromPath()
#12 /opt/lampp/htdocs/prejetFramework/projetlaravel/vendor/laravel/framework/src/Illuminate/View/Factory.php(146): Illuminate\\View\\Factory->viewInstance()
#13 /opt/lampp/htdocs/prejetFramework/projetlaravel/vendor/laravel/framework/src/Illuminate/Routing/ResponseFactory.php(87): Illuminate\\View\\Factory->make()
#14 /opt/lampp/htdocs/prejetFramework/projetlaravel/vendor/laravel/framework/src/Illuminate/Foundation/Exceptions/Handler.php(629): Illuminate\\Routing\\ResponseFactory->view()
#15 /opt/lampp/htdocs/prejetFramework/projetlaravel/vendor/laravel/framework/src/Illuminate/Foundation/Exceptions/Handler.php(554): Illuminate\\Foundation\\Exceptions\\Handler->renderHttpException()
#16 /opt/lampp/htdocs/prejetFramework/projetlaravel/vendor/laravel/framework/src/Illuminate/Foundation/Exceptions/Handler.php(460): Illuminate\\Foundation\\Exceptions\\Handler->prepareResponse()
#17 /opt/lampp/htdocs/prejetFramework/projetlaravel/vendor/laravel/framework/src/Illuminate/Foundation/Exceptions/Handler.php(377): Illuminate\\Foundation\\Exceptions\\Handler->renderExceptionResponse()
#18 /opt/lampp/htdocs/prejetFramework/projetlaravel/vendor/laravel/framework/src/Illuminate/Routing/Pipeline.php(51): Illuminate\\Foundation\\Exceptions\\Handler->render()
#19 /opt/lampp/htdocs/prejetFramework/projetlaravel/vendor/laravel/framework/src/Illuminate/Pipeline/Pipeline.php(143): Illuminate\\Routing\\Pipeline->handleException()
#20 /opt/lampp/htdocs/prejetFramework/projetlaravel/vendor/laravel/framework/src/Illuminate/Foundation/Http/Middleware/TransformsRequest.php(21): Illuminate\\Pipeline\\Pipeline->Illuminate\\Pipeline\\{closure}()
#21 /opt/lampp/htdocs/prejetFramework/projetlaravel/vendor/laravel/framework/src/Illuminate/Foundation/Http/Middleware/ConvertEmptyStringsToNull.php(31): Illuminate\\Foundation\\Http\\Middleware\\TransformsRequest->handle()
#22 /opt/lampp/htdocs/prejetFramework/projetlaravel/vendor/laravel/framework/src/Illuminate/Pipeline/Pipeline.php(180): Illuminate\\Foundation\\Http\\Middleware\\ConvertEmptyStringsToNull->handle()
#23 /opt/lampp/htdocs/prejetFramework/projetlaravel/vendor/laravel/framework/src/Illuminate/Foundation/Http/Middleware/TransformsRequest.php(21): Illuminate\\Pipeline\\Pipeline->Illuminate\\Pipeline\\{closure}()
#24 /opt/lampp/htdocs/prejetFramework/projetlaravel/vendor/laravel/framework/src/Illuminate/Foundation/Http/Middleware/TrimStrings.php(40): Illuminate\\Foundation\\Http\\Middleware\\TransformsRequest->handle()
#25 /opt/lampp/htdocs/prejetFramework/projetlaravel/vendor/laravel/framework/src/Illuminate/Pipeline/Pipeline.php(180): Illuminate\\Foundation\\Http\\Middleware\\TrimStrings->handle()
#26 /opt/lampp/htdocs/prejetFramework/projetlaravel/vendor/laravel/framework/src/Illuminate/Foundation/Http/Middleware/ValidatePostSize.php(27): Illuminate\\Pipeline\\Pipeline->Illuminate\\Pipeline\\{closure}()
#27 /opt/lampp/htdocs/prejetFramework/projetlaravel/vendor/laravel/framework/src/Illuminate/Pipeline/Pipeline.php(180): Illuminate\\Foundation\\Http\\Middleware\\ValidatePostSize->handle()
#28 /opt/lampp/htdocs/prejetFramework/projetlaravel/vendor/laravel/framework/src/Illuminate/Foundation/Http/Middleware/PreventRequestsDuringMaintenance.php(86): Illuminate\\Pipeline\\Pipeline->Illuminate\\Pipeline\\{closure}()
#29 /opt/lampp/htdocs/prejetFramework/projetlaravel/vendor/laravel/framework/src/Illuminate/Pipeline/Pipeline.php(180): Illuminate\\Foundation\\Http\\Middleware\\PreventRequestsDuringMaintenance->handle()
#30 /opt/lampp/htdocs/prejetFramework/projetlaravel/vendor/laravel/framework/src/Illuminate/Http/Middleware/HandleCors.php(49): Illuminate\\Pipeline\\Pipeline->Illuminate\\Pipeline\\{closure}()
#31 /opt/lampp/htdocs/prejetFramework/projetlaravel/vendor/laravel/framework/src/Illuminate/Pipeline/Pipeline.php(180): Illuminate\\Http\\Middleware\\HandleCors->handle()
#32 /opt/lampp/htdocs/prejetFramework/projetlaravel/vendor/laravel/framework/src/Illuminate/Http/Middleware/TrustProxies.php(39): Illuminate\\Pipeline\\Pipeline->Illuminate\\Pipeline\\{closure}()
#33 /opt/lampp/htdocs/prejetFramework/projetlaravel/vendor/laravel/framework/src/Illuminate/Pipeline/Pipeline.php(180): Illuminate\\Http\\Middleware\\TrustProxies->handle()
#34 /opt/lampp/htdocs/prejetFramework/projetlaravel/vendor/laravel/framework/src/Illuminate/Pipeline/Pipeline.php(116): Illuminate\\Pipeline\\Pipeline->Illuminate\\Pipeline\\{closure}()
#35 /opt/lampp/htdocs/prejetFramework/projetlaravel/vendor/laravel/framework/src/Illuminate/Foundation/Http/Kernel.php(165): Illuminate\\Pipeline\\Pipeline->then()
#36 /opt/lampp/htdocs/prejetFramework/projetlaravel/vendor/laravel/framework/src/Illuminate/Foundation/Http/Kernel.php(134): Illuminate\\Foundation\\Http\\Kernel->sendRequestThroughRouter()
#37 /opt/lampp/htdocs/prejetFramework/projetlaravel/public/index.php(52): Illuminate\\Foundation\\Http\\Kernel->handle()
#38 /opt/lampp/htdocs/prejetFramework/projetlaravel/vendor/laravel/framework/src/Illuminate/Foundation/resources/server.php(16): require_once('...')
#39 {main}
"} 
[2023-01-09 13:21:32] local.ERROR: Please provide a valid cache path. {"exception":"[object] (InvalidArgumentException(code: 0): Please provide a valid cache path. at /opt/lampp/htdocs/prejetFramework/projetlaravel/vendor/laravel/framework/src/Illuminate/View/Compilers/Compiler.php:66)
[stacktrace]
#0 /opt/lampp/htdocs/prejetFramework/projetlaravel/vendor/laravel/framework/src/Illuminate/View/ViewServiceProvider.php(101): Illuminate\\View\\Compilers\\Compiler->__construct()
#1 /opt/lampp/htdocs/prejetFramework/projetlaravel/vendor/laravel/framework/src/Illuminate/Container/Container.php(871): Illuminate\\View\\ViewServiceProvider->Illuminate\\View\\{closure}()
#2 /opt/lampp/htdocs/prejetFramework/projetlaravel/vendor/laravel/framework/src/Illuminate/Container/Container.php(756): Illuminate\\Container\\Container->build()
#3 /opt/lampp/htdocs/prejetFramework/projetlaravel/vendor/laravel/framework/src/Illuminate/Foundation/Application.php(860): Illuminate\\Container\\Container->resolve()
#4 /opt/lampp/htdocs/prejetFramework/projetlaravel/vendor/laravel/framework/src/Illuminate/Container/Container.php(692): Illuminate\\Foundation\\Application->resolve()
#5 /opt/lampp/htdocs/prejetFramework/projetlaravel/vendor/laravel/framework/src/Illuminate/Foundation/Application.php(845): Illuminate\\Container\\Container->make()
#6 /opt/lampp/htdocs/prejetFramework/projetlaravel/vendor/laravel/framework/src/Illuminate/Container/Container.php(1419): Illuminate\\Foundation\\Application->make()
#7 /opt/lampp/htdocs/prejetFramework/projetlaravel/vendor/laravel/framework/src/Illuminate/View/ViewServiceProvider.php(164): Illuminate\\Container\\Container->offsetGet()
#8 [internal function]: Illuminate\\View\\ViewServiceProvider->Illuminate\\View\\{closure}()
#9 /opt/lampp/htdocs/prejetFramework/projetlaravel/vendor/laravel/framework/src/Illuminate/View/Engines/EngineResolver.php(55): call_user_func()
#10 /opt/lampp/htdocs/prejetFramework/projetlaravel/vendor/laravel/framework/src/Illuminate/View/Factory.php(310): Illuminate\\View\\Engines\\EngineResolver->resolve()
#11 /opt/lampp/htdocs/prejetFramework/projetlaravel/vendor/laravel/framework/src/Illuminate/View/Factory.php(274): Illuminate\\View\\Factory->getEngineFromPath()
#12 /opt/lampp/htdocs/prejetFramework/projetlaravel/vendor/laravel/framework/src/Illuminate/View/Factory.php(146): Illuminate\\View\\Factory->viewInstance()
#13 /opt/lampp/htdocs/prejetFramework/projetlaravel/vendor/laravel/framework/src/Illuminate/Routing/ResponseFactory.php(87): Illuminate\\View\\Factory->make()
#14 /opt/lampp/htdocs/prejetFramework/projetlaravel/vendor/laravel/framework/src/Illuminate/Foundation/Exceptions/Handler.php(629): Illuminate\\Routing\\ResponseFactory->view()
#15 /opt/lampp/htdocs/prejetFramework/projetlaravel/vendor/laravel/framework/src/Illuminate/Foundation/Exceptions/Handler.php(554): Illuminate\\Foundation\\Exceptions\\Handler->renderHttpException()
#16 /opt/lampp/htdocs/prejetFramework/projetlaravel/vendor/laravel/framework/src/Illuminate/Foundation/Exceptions/Handler.php(460): Illuminate\\Foundation\\Exceptions\\Handler->prepareResponse()
#17 /opt/lampp/htdocs/prejetFramework/projetlaravel/vendor/laravel/framework/src/Illuminate/Foundation/Exceptions/Handler.php(377): Illuminate\\Foundation\\Exceptions\\Handler->renderExceptionResponse()
#18 /opt/lampp/htdocs/prejetFramework/projetlaravel/vendor/laravel/framework/src/Illuminate/Routing/Pipeline.php(51): Illuminate\\Foundation\\Exceptions\\Handler->render()
#19 /opt/lampp/htdocs/prejetFramework/projetlaravel/vendor/laravel/framework/src/Illuminate/Pipeline/Pipeline.php(143): Illuminate\\Routing\\Pipeline->handleException()
#20 /opt/lampp/htdocs/prejetFramework/projetlaravel/vendor/laravel/framework/src/Illuminate/Foundation/Http/Middleware/TransformsRequest.php(21): Illuminate\\Pipeline\\Pipeline->Illuminate\\Pipeline\\{closure}()
#21 /opt/lampp/htdocs/prejetFramework/projetlaravel/vendor/laravel/framework/src/Illuminate/Foundation/Http/Middleware/ConvertEmptyStringsToNull.php(31): Illuminate\\Foundation\\Http\\Middleware\\TransformsRequest->handle()
#22 /opt/lampp/htdocs/prejetFramework/projetlaravel/vendor/laravel/framework/src/Illuminate/Pipeline/Pipeline.php(180): Illuminate\\Foundation\\Http\\Middleware\\ConvertEmptyStringsToNull->handle()
#23 /opt/lampp/htdocs/prejetFramework/projetlaravel/vendor/laravel/framework/src/Illuminate/Foundation/Http/Middleware/TransformsRequest.php(21): Illuminate\\Pipeline\\Pipeline->Illuminate\\Pipeline\\{closure}()
#24 /opt/lampp/htdocs/prejetFramework/projetlaravel/vendor/laravel/framework/src/Illuminate/Foundation/Http/Middleware/TrimStrings.php(40): Illuminate\\Foundation\\Http\\Middleware\\TransformsRequest->handle()
#25 /opt/lampp/htdocs/prejetFramework/projetlaravel/vendor/laravel/framework/src/Illuminate/Pipeline/Pipeline.php(180): Illuminate\\Foundation\\Http\\Middleware\\TrimStrings->handle()
#26 /opt/lampp/htdocs/prejetFramework/projetlaravel/vendor/laravel/framework/src/Illuminate/Foundation/Http/Middleware/ValidatePostSize.php(27): Illuminate\\Pipeline\\Pipeline->Illuminate\\Pipeline\\{closure}()
#27 /opt/lampp/htdocs/prejetFramework/projetlaravel/vendor/laravel/framework/src/Illuminate/Pipeline/Pipeline.php(180): Illuminate\\Foundation\\Http\\Middleware\\ValidatePostSize->handle()
#28 /opt/lampp/htdocs/prejetFramework/projetlaravel/vendor/laravel/framework/src/Illuminate/Foundation/Http/Middleware/PreventRequestsDuringMaintenance.php(86): Illuminate\\Pipeline\\Pipeline->Illuminate\\Pipeline\\{closure}()
#29 /opt/lampp/htdocs/prejetFramework/projetlaravel/vendor/laravel/framework/src/Illuminate/Pipeline/Pipeline.php(180): Illuminate\\Foundation\\Http\\Middleware\\PreventRequestsDuringMaintenance->handle()
#30 /opt/lampp/htdocs/prejetFramework/projetlaravel/vendor/laravel/framework/src/Illuminate/Http/Middleware/HandleCors.php(62): Illuminate\\Pipeline\\Pipeline->Illuminate\\Pipeline\\{closure}()
#31 /opt/lampp/htdocs/prejetFramework/projetlaravel/vendor/laravel/framework/src/Illuminate/Pipeline/Pipeline.php(180): Illuminate\\Http\\Middleware\\HandleCors->handle()
#32 /opt/lampp/htdocs/prejetFramework/projetlaravel/vendor/laravel/framework/src/Illuminate/Http/Middleware/TrustProxies.php(39): Illuminate\\Pipeline\\Pipeline->Illuminate\\Pipeline\\{closure}()
#33 /opt/lampp/htdocs/prejetFramework/projetlaravel/vendor/laravel/framework/src/Illuminate/Pipeline/Pipeline.php(180): Illuminate\\Http\\Middleware\\TrustProxies->handle()
#34 /opt/lampp/htdocs/prejetFramework/projetlaravel/vendor/laravel/framework/src/Illuminate/Pipeline/Pipeline.php(116): Illuminate\\Pipeline\\Pipeline->Illuminate\\Pipeline\\{closure}()
#35 /opt/lampp/htdocs/prejetFramework/projetlaravel/vendor/laravel/framework/src/Illuminate/Foundation/Http/Kernel.php(165): Illuminate\\Pipeline\\Pipeline->then()
#36 /opt/lampp/htdocs/prejetFramework/projetlaravel/vendor/laravel/framework/src/Illuminate/Foundation/Http/Kernel.php(134): Illuminate\\Foundation\\Http\\Kernel->sendRequestThroughRouter()
#37 /opt/lampp/htdocs/prejetFramework/projetlaravel/public/index.php(52): Illuminate\\Foundation\\Http\\Kernel->handle()
#38 /opt/lampp/htdocs/prejetFramework/projetlaravel/vendor/laravel/framework/src/Illuminate/Foundation/resources/server.php(16): require_once('...')
#39 {main}
"} 
[2023-01-09 13:25:39] local.ERROR: Please provide a valid cache path. {"exception":"[object] (InvalidArgumentException(code: 0): Please provide a valid cache path. at /opt/lampp/htdocs/prejetFramework/projetlaravel/vendor/laravel/framework/src/Illuminate/View/Compilers/Compiler.php:66)
[stacktrace]
#0 /opt/lampp/htdocs/prejetFramework/projetlaravel/vendor/laravel/framework/src/Illuminate/View/ViewServiceProvider.php(101): Illuminate\\View\\Compilers\\Compiler->__construct()
#1 /opt/lampp/htdocs/prejetFramework/projetlaravel/vendor/laravel/framework/src/Illuminate/Container/Container.php(871): Illuminate\\View\\ViewServiceProvider->Illuminate\\View\\{closure}()
#2 /opt/lampp/htdocs/prejetFramework/projetlaravel/vendor/laravel/framework/src/Illuminate/Container/Container.php(756): Illuminate\\Container\\Container->build()
#3 /opt/lampp/htdocs/prejetFramework/projetlaravel/vendor/laravel/framework/src/Illuminate/Foundation/Application.php(860): Illuminate\\Container\\Container->resolve()
#4 /opt/lampp/htdocs/prejetFramework/projetlaravel/vendor/laravel/framework/src/Illuminate/Container/Container.php(692): Illuminate\\Foundation\\Application->resolve()
#5 /opt/lampp/htdocs/prejetFramework/projetlaravel/vendor/laravel/framework/src/Illuminate/Foundation/Application.php(845): Illuminate\\Container\\Container->make()
#6 /opt/lampp/htdocs/prejetFramework/projetlaravel/vendor/laravel/framework/src/Illuminate/Container/Container.php(1419): Illuminate\\Foundation\\Application->make()
#7 /opt/lampp/htdocs/prejetFramework/projetlaravel/vendor/laravel/framework/src/Illuminate/View/ViewServiceProvider.php(164): Illuminate\\Container\\Container->offsetGet()
#8 [internal function]: Illuminate\\View\\ViewServiceProvider->Illuminate\\View\\{closure}()
#9 /opt/lampp/htdocs/prejetFramework/projetlaravel/vendor/laravel/framework/src/Illuminate/View/Engines/EngineResolver.php(55): call_user_func()
#10 /opt/lampp/htdocs/prejetFramework/projetlaravel/vendor/laravel/framework/src/Illuminate/View/Factory.php(310): Illuminate\\View\\Engines\\EngineResolver->resolve()
#11 /opt/lampp/htdocs/prejetFramework/projetlaravel/vendor/laravel/framework/src/Illuminate/View/Factory.php(274): Illuminate\\View\\Factory->getEngineFromPath()
#12 /opt/lampp/htdocs/prejetFramework/projetlaravel/vendor/laravel/framework/src/Illuminate/View/Factory.php(146): Illuminate\\View\\Factory->viewInstance()
#13 /opt/lampp/htdocs/prejetFramework/projetlaravel/vendor/laravel/framework/src/Illuminate/Routing/ResponseFactory.php(87): Illuminate\\View\\Factory->make()
#14 /opt/lampp/htdocs/prejetFramework/projetlaravel/vendor/laravel/framework/src/Illuminate/Foundation/Exceptions/Handler.php(629): Illuminate\\Routing\\ResponseFactory->view()
#15 /opt/lampp/htdocs/prejetFramework/projetlaravel/vendor/laravel/framework/src/Illuminate/Foundation/Exceptions/Handler.php(554): Illuminate\\Foundation\\Exceptions\\Handler->renderHttpException()
#16 /opt/lampp/htdocs/prejetFramework/projetlaravel/vendor/laravel/framework/src/Illuminate/Foundation/Exceptions/Handler.php(460): Illuminate\\Foundation\\Exceptions\\Handler->prepareResponse()
#17 /opt/lampp/htdocs/prejetFramework/projetlaravel/vendor/laravel/framework/src/Illuminate/Foundation/Exceptions/Handler.php(377): Illuminate\\Foundation\\Exceptions\\Handler->renderExceptionResponse()
#18 /opt/lampp/htdocs/prejetFramework/projetlaravel/vendor/laravel/framework/src/Illuminate/Routing/Pipeline.php(51): Illuminate\\Foundation\\Exceptions\\Handler->render()
#19 /opt/lampp/htdocs/prejetFramework/projetlaravel/vendor/laravel/framework/src/Illuminate/Pipeline/Pipeline.php(143): Illuminate\\Routing\\Pipeline->handleException()
#20 /opt/lampp/htdocs/prejetFramework/projetlaravel/vendor/laravel/framework/src/Illuminate/Foundation/Http/Middleware/TransformsRequest.php(21): Illuminate\\Pipeline\\Pipeline->Illuminate\\Pipeline\\{closure}()
#21 /opt/lampp/htdocs/prejetFramework/projetlaravel/vendor/laravel/framework/src/Illuminate/Foundation/Http/Middleware/ConvertEmptyStringsToNull.php(31): Illuminate\\Foundation\\Http\\Middleware\\TransformsRequest->handle()
#22 /opt/lampp/htdocs/prejetFramework/projetlaravel/vendor/laravel/framework/src/Illuminate/Pipeline/Pipeline.php(180): Illuminate\\Foundation\\Http\\Middleware\\ConvertEmptyStringsToNull->handle()
#23 /opt/lampp/htdocs/prejetFramework/projetlaravel/vendor/laravel/framework/src/Illuminate/Foundation/Http/Middleware/TransformsRequest.php(21): Illuminate\\Pipeline\\Pipeline->Illuminate\\Pipeline\\{closure}()
#24 /opt/lampp/htdocs/prejetFramework/projetlaravel/vendor/laravel/framework/src/Illuminate/Foundation/Http/Middleware/TrimStrings.php(40): Illuminate\\Foundation\\Http\\Middleware\\TransformsRequest->handle()
#25 /opt/lampp/htdocs/prejetFramework/projetlaravel/vendor/laravel/framework/src/Illuminate/Pipeline/Pipeline.php(180): Illuminate\\Foundation\\Http\\Middleware\\TrimStrings->handle()
#26 /opt/lampp/htdocs/prejetFramework/projetlaravel/vendor/laravel/framework/src/Illuminate/Foundation/Http/Middleware/ValidatePostSize.php(27): Illuminate\\Pipeline\\Pipeline->Illuminate\\Pipeline\\{closure}()
#27 /opt/lampp/htdocs/prejetFramework/projetlaravel/vendor/laravel/framework/src/Illuminate/Pipeline/Pipeline.php(180): Illuminate\\Foundation\\Http\\Middleware\\ValidatePostSize->handle()
#28 /opt/lampp/htdocs/prejetFramework/projetlaravel/vendor/laravel/framework/src/Illuminate/Foundation/Http/Middleware/PreventRequestsDuringMaintenance.php(86): Illuminate\\Pipeline\\Pipeline->Illuminate\\Pipeline\\{closure}()
#29 /opt/lampp/htdocs/prejetFramework/projetlaravel/vendor/laravel/framework/src/Illuminate/Pipeline/Pipeline.php(180): Illuminate\\Foundation\\Http\\Middleware\\PreventRequestsDuringMaintenance->handle()
#30 /opt/lampp/htdocs/prejetFramework/projetlaravel/vendor/laravel/framework/src/Illuminate/Http/Middleware/HandleCors.php(62): Illuminate\\Pipeline\\Pipeline->Illuminate\\Pipeline\\{closure}()
#31 /opt/lampp/htdocs/prejetFramework/projetlaravel/vendor/laravel/framework/src/Illuminate/Pipeline/Pipeline.php(180): Illuminate\\Http\\Middleware\\HandleCors->handle()
#32 /opt/lampp/htdocs/prejetFramework/projetlaravel/vendor/laravel/framework/src/Illuminate/Http/Middleware/TrustProxies.php(39): Illuminate\\Pipeline\\Pipeline->Illuminate\\Pipeline\\{closure}()
#33 /opt/lampp/htdocs/prejetFramework/projetlaravel/vendor/laravel/framework/src/Illuminate/Pipeline/Pipeline.php(180): Illuminate\\Http\\Middleware\\TrustProxies->handle()
#34 /opt/lampp/htdocs/prejetFramework/projetlaravel/vendor/laravel/framework/src/Illuminate/Pipeline/Pipeline.php(116): Illuminate\\Pipeline\\Pipeline->Illuminate\\Pipeline\\{closure}()
#35 /opt/lampp/htdocs/prejetFramework/projetlaravel/vendor/laravel/framework/src/Illuminate/Foundation/Http/Kernel.php(165): Illuminate\\Pipeline\\Pipeline->then()
#36 /opt/lampp/htdocs/prejetFramework/projetlaravel/vendor/laravel/framework/src/Illuminate/Foundation/Http/Kernel.php(134): Illuminate\\Foundation\\Http\\Kernel->sendRequestThroughRouter()
#37 /opt/lampp/htdocs/prejetFramework/projetlaravel/public/index.php(52): Illuminate\\Foundation\\Http\\Kernel->handle()
#38 /opt/lampp/htdocs/prejetFramework/projetlaravel/vendor/laravel/framework/src/Illuminate/Foundation/resources/server.php(16): require_once('...')
#39 {main}
"} 
[2023-01-09 13:25:55] local.ERROR: Please provide a valid cache path. {"exception":"[object] (InvalidArgumentException(code: 0): Please provide a valid cache path. at /opt/lampp/htdocs/prejetFramework/projetlaravel/vendor/laravel/framework/src/Illuminate/View/Compilers/Compiler.php:66)
[stacktrace]
#0 /opt/lampp/htdocs/prejetFramework/projetlaravel/vendor/laravel/framework/src/Illuminate/View/ViewServiceProvider.php(101): Illuminate\\View\\Compilers\\Compiler->__construct()
#1 /opt/lampp/htdocs/prejetFramework/projetlaravel/vendor/laravel/framework/src/Illuminate/Container/Container.php(871): Illuminate\\View\\ViewServiceProvider->Illuminate\\View\\{closure}()
#2 /opt/lampp/htdocs/prejetFramework/projetlaravel/vendor/laravel/framework/src/Illuminate/Container/Container.php(756): Illuminate\\Container\\Container->build()
#3 /opt/lampp/htdocs/prejetFramework/projetlaravel/vendor/laravel/framework/src/Illuminate/Foundation/Application.php(860): Illuminate\\Container\\Container->resolve()
#4 /opt/lampp/htdocs/prejetFramework/projetlaravel/vendor/laravel/framework/src/Illuminate/Container/Container.php(692): Illuminate\\Foundation\\Application->resolve()
#5 /opt/lampp/htdocs/prejetFramework/projetlaravel/vendor/laravel/framework/src/Illuminate/Foundation/Application.php(845): Illuminate\\Container\\Container->make()
#6 /opt/lampp/htdocs/prejetFramework/projetlaravel/vendor/laravel/framework/src/Illuminate/Container/Container.php(1419): Illuminate\\Foundation\\Application->make()
#7 /opt/lampp/htdocs/prejetFramework/projetlaravel/vendor/laravel/framework/src/Illuminate/View/ViewServiceProvider.php(164): Illuminate\\Container\\Container->offsetGet()
#8 [internal function]: Illuminate\\View\\ViewServiceProvider->Illuminate\\View\\{closure}()
#9 /opt/lampp/htdocs/prejetFramework/projetlaravel/vendor/laravel/framework/src/Illuminate/View/Engines/EngineResolver.php(55): call_user_func()
#10 /opt/lampp/htdocs/prejetFramework/projetlaravel/vendor/laravel/framework/src/Illuminate/View/Factory.php(310): Illuminate\\View\\Engines\\EngineResolver->resolve()
#11 /opt/lampp/htdocs/prejetFramework/projetlaravel/vendor/laravel/framework/src/Illuminate/View/Factory.php(274): Illuminate\\View\\Factory->getEngineFromPath()
#12 /opt/lampp/htdocs/prejetFramework/projetlaravel/vendor/laravel/framework/src/Illuminate/View/Factory.php(146): Illuminate\\View\\Factory->viewInstance()
#13 /opt/lampp/htdocs/prejetFramework/projetlaravel/vendor/laravel/framework/src/Illuminate/Routing/ResponseFactory.php(87): Illuminate\\View\\Factory->make()
#14 /opt/lampp/htdocs/prejetFramework/projetlaravel/vendor/laravel/framework/src/Illuminate/Foundation/Exceptions/Handler.php(629): Illuminate\\Routing\\ResponseFactory->view()
#15 /opt/lampp/htdocs/prejetFramework/projetlaravel/vendor/laravel/framework/src/Illuminate/Foundation/Exceptions/Handler.php(554): Illuminate\\Foundation\\Exceptions\\Handler->renderHttpException()
#16 /opt/lampp/htdocs/prejetFramework/projetlaravel/vendor/laravel/framework/src/Illuminate/Foundation/Exceptions/Handler.php(460): Illuminate\\Foundation\\Exceptions\\Handler->prepareResponse()
#17 /opt/lampp/htdocs/prejetFramework/projetlaravel/vendor/laravel/framework/src/Illuminate/Foundation/Exceptions/Handler.php(377): Illuminate\\Foundation\\Exceptions\\Handler->renderExceptionResponse()
#18 /opt/lampp/htdocs/prejetFramework/projetlaravel/vendor/laravel/framework/src/Illuminate/Routing/Pipeline.php(51): Illuminate\\Foundation\\Exceptions\\Handler->render()
#19 /opt/lampp/htdocs/prejetFramework/projetlaravel/vendor/laravel/framework/src/Illuminate/Pipeline/Pipeline.php(143): Illuminate\\Routing\\Pipeline->handleException()
#20 /opt/lampp/htdocs/prejetFramework/projetlaravel/vendor/laravel/framework/src/Illuminate/Foundation/Http/Middleware/TransformsRequest.php(21): Illuminate\\Pipeline\\Pipeline->Illuminate\\Pipeline\\{closure}()
#21 /opt/lampp/htdocs/prejetFramework/projetlaravel/vendor/laravel/framework/src/Illuminate/Foundation/Http/Middleware/ConvertEmptyStringsToNull.php(31): Illuminate\\Foundation\\Http\\Middleware\\TransformsRequest->handle()
#22 /opt/lampp/htdocs/prejetFramework/projetlaravel/vendor/laravel/framework/src/Illuminate/Pipeline/Pipeline.php(180): Illuminate\\Foundation\\Http\\Middleware\\ConvertEmptyStringsToNull->handle()
#23 /opt/lampp/htdocs/prejetFramework/projetlaravel/vendor/laravel/framework/src/Illuminate/Foundation/Http/Middleware/TransformsRequest.php(21): Illuminate\\Pipeline\\Pipeline->Illuminate\\Pipeline\\{closure}()
#24 /opt/lampp/htdocs/prejetFramework/projetlaravel/vendor/laravel/framework/src/Illuminate/Foundation/Http/Middleware/TrimStrings.php(40): Illuminate\\Foundation\\Http\\Middleware\\TransformsRequest->handle()
#25 /opt/lampp/htdocs/prejetFramework/projetlaravel/vendor/laravel/framework/src/Illuminate/Pipeline/Pipeline.php(180): Illuminate\\Foundation\\Http\\Middleware\\TrimStrings->handle()
#26 /opt/lampp/htdocs/prejetFramework/projetlaravel/vendor/laravel/framework/src/Illuminate/Foundation/Http/Middleware/ValidatePostSize.php(27): Illuminate\\Pipeline\\Pipeline->Illuminate\\Pipeline\\{closure}()
#27 /opt/lampp/htdocs/prejetFramework/projetlaravel/vendor/laravel/framework/src/Illuminate/Pipeline/Pipeline.php(180): Illuminate\\Foundation\\Http\\Middleware\\ValidatePostSize->handle()
#28 /opt/lampp/htdocs/prejetFramework/projetlaravel/vendor/laravel/framework/src/Illuminate/Foundation/Http/Middleware/PreventRequestsDuringMaintenance.php(86): Illuminate\\Pipeline\\Pipeline->Illuminate\\Pipeline\\{closure}()
#29 /opt/lampp/htdocs/prejetFramework/projetlaravel/vendor/laravel/framework/src/Illuminate/Pipeline/Pipeline.php(180): Illuminate\\Foundation\\Http\\Middleware\\PreventRequestsDuringMaintenance->handle()
#30 /opt/lampp/htdocs/prejetFramework/projetlaravel/vendor/laravel/framework/src/Illuminate/Http/Middleware/HandleCors.php(62): Illuminate\\Pipeline\\Pipeline->Illuminate\\Pipeline\\{closure}()
#31 /opt/lampp/htdocs/prejetFramework/projetlaravel/vendor/laravel/framework/src/Illuminate/Pipeline/Pipeline.php(180): Illuminate\\Http\\Middleware\\HandleCors->handle()
#32 /opt/lampp/htdocs/prejetFramework/projetlaravel/vendor/laravel/framework/src/Illuminate/Http/Middleware/TrustProxies.php(39): Illuminate\\Pipeline\\Pipeline->Illuminate\\Pipeline\\{closure}()
#33 /opt/lampp/htdocs/prejetFramework/projetlaravel/vendor/laravel/framework/src/Illuminate/Pipeline/Pipeline.php(180): Illuminate\\Http\\Middleware\\TrustProxies->handle()
#34 /opt/lampp/htdocs/prejetFramework/projetlaravel/vendor/laravel/framework/src/Illuminate/Pipeline/Pipeline.php(116): Illuminate\\Pipeline\\Pipeline->Illuminate\\Pipeline\\{closure}()
#35 /opt/lampp/htdocs/prejetFramework/projetlaravel/vendor/laravel/framework/src/Illuminate/Foundation/Http/Kernel.php(165): Illuminate\\Pipeline\\Pipeline->then()
#36 /opt/lampp/htdocs/prejetFramework/projetlaravel/vendor/laravel/framework/src/Illuminate/Foundation/Http/Kernel.php(134): Illuminate\\Foundation\\Http\\Kernel->sendRequestThroughRouter()
#37 /opt/lampp/htdocs/prejetFramework/projetlaravel/public/index.php(52): Illuminate\\Foundation\\Http\\Kernel->handle()
#38 /opt/lampp/htdocs/prejetFramework/projetlaravel/vendor/laravel/framework/src/Illuminate/Foundation/resources/server.php(16): require_once('...')
#39 {main}
"} 
[2023-01-09 13:31:25] local.ERROR: Please provide a valid cache path. {"exception":"[object] (InvalidArgumentException(code: 0): Please provide a valid cache path. at /opt/lampp/htdocs/prejetFramework/projetlaravel/vendor/laravel/framework/src/Illuminate/View/Compilers/Compiler.php:66)
[stacktrace]
#0 /opt/lampp/htdocs/prejetFramework/projetlaravel/vendor/laravel/framework/src/Illuminate/View/ViewServiceProvider.php(101): Illuminate\\View\\Compilers\\Compiler->__construct()
#1 /opt/lampp/htdocs/prejetFramework/projetlaravel/vendor/laravel/framework/src/Illuminate/Container/Container.php(871): Illuminate\\View\\ViewServiceProvider->Illuminate\\View\\{closure}()
#2 /opt/lampp/htdocs/prejetFramework/projetlaravel/vendor/laravel/framework/src/Illuminate/Container/Container.php(756): Illuminate\\Container\\Container->build()
#3 /opt/lampp/htdocs/prejetFramework/projetlaravel/vendor/laravel/framework/src/Illuminate/Foundation/Application.php(860): Illuminate\\Container\\Container->resolve()
#4 /opt/lampp/htdocs/prejetFramework/projetlaravel/vendor/laravel/framework/src/Illuminate/Container/Container.php(692): Illuminate\\Foundation\\Application->resolve()
#5 /opt/lampp/htdocs/prejetFramework/projetlaravel/vendor/laravel/framework/src/Illuminate/Foundation/Application.php(845): Illuminate\\Container\\Container->make()
#6 /opt/lampp/htdocs/prejetFramework/projetlaravel/vendor/laravel/framework/src/Illuminate/Container/Container.php(1419): Illuminate\\Foundation\\Application->make()
#7 /opt/lampp/htdocs/prejetFramework/projetlaravel/vendor/laravel/framework/src/Illuminate/View/ViewServiceProvider.php(164): Illuminate\\Container\\Container->offsetGet()
#8 [internal function]: Illuminate\\View\\ViewServiceProvider->Illuminate\\View\\{closure}()
#9 /opt/lampp/htdocs/prejetFramework/projetlaravel/vendor/laravel/framework/src/Illuminate/View/Engines/EngineResolver.php(55): call_user_func()
#10 /opt/lampp/htdocs/prejetFramework/projetlaravel/vendor/laravel/framework/src/Illuminate/View/Factory.php(310): Illuminate\\View\\Engines\\EngineResolver->resolve()
#11 /opt/lampp/htdocs/prejetFramework/projetlaravel/vendor/laravel/framework/src/Illuminate/View/Factory.php(274): Illuminate\\View\\Factory->getEngineFromPath()
#12 /opt/lampp/htdocs/prejetFramework/projetlaravel/vendor/laravel/framework/src/Illuminate/View/Factory.php(146): Illuminate\\View\\Factory->viewInstance()
#13 /opt/lampp/htdocs/prejetFramework/projetlaravel/vendor/laravel/framework/src/Illuminate/Routing/ResponseFactory.php(87): Illuminate\\View\\Factory->make()
#14 /opt/lampp/htdocs/prejetFramework/projetlaravel/vendor/laravel/framework/src/Illuminate/Foundation/Exceptions/Handler.php(629): Illuminate\\Routing\\ResponseFactory->view()
#15 /opt/lampp/htdocs/prejetFramework/projetlaravel/vendor/laravel/framework/src/Illuminate/Foundation/Exceptions/Handler.php(554): Illuminate\\Foundation\\Exceptions\\Handler->renderHttpException()
#16 /opt/lampp/htdocs/prejetFramework/projetlaravel/vendor/laravel/framework/src/Illuminate/Foundation/Exceptions/Handler.php(460): Illuminate\\Foundation\\Exceptions\\Handler->prepareResponse()
#17 /opt/lampp/htdocs/prejetFramework/projetlaravel/vendor/laravel/framework/src/Illuminate/Foundation/Exceptions/Handler.php(377): Illuminate\\Foundation\\Exceptions\\Handler->renderExceptionResponse()
#18 /opt/lampp/htdocs/prejetFramework/projetlaravel/vendor/laravel/framework/src/Illuminate/Routing/Pipeline.php(51): Illuminate\\Foundation\\Exceptions\\Handler->render()
#19 /opt/lampp/htdocs/prejetFramework/projetlaravel/vendor/laravel/framework/src/Illuminate/Pipeline/Pipeline.php(143): Illuminate\\Routing\\Pipeline->handleException()
#20 /opt/lampp/htdocs/prejetFramework/projetlaravel/vendor/laravel/framework/src/Illuminate/Foundation/Http/Middleware/TransformsRequest.php(21): Illuminate\\Pipeline\\Pipeline->Illuminate\\Pipeline\\{closure}()
#21 /opt/lampp/htdocs/prejetFramework/projetlaravel/vendor/laravel/framework/src/Illuminate/Foundation/Http/Middleware/ConvertEmptyStringsToNull.php(31): Illuminate\\Foundation\\Http\\Middleware\\TransformsRequest->handle()
#22 /opt/lampp/htdocs/prejetFramework/projetlaravel/vendor/laravel/framework/src/Illuminate/Pipeline/Pipeline.php(180): Illuminate\\Foundation\\Http\\Middleware\\ConvertEmptyStringsToNull->handle()
#23 /opt/lampp/htdocs/prejetFramework/projetlaravel/vendor/laravel/framework/src/Illuminate/Foundation/Http/Middleware/TransformsRequest.php(21): Illuminate\\Pipeline\\Pipeline->Illuminate\\Pipeline\\{closure}()
#24 /opt/lampp/htdocs/prejetFramework/projetlaravel/vendor/laravel/framework/src/Illuminate/Foundation/Http/Middleware/TrimStrings.php(40): Illuminate\\Foundation\\Http\\Middleware\\TransformsRequest->handle()
#25 /opt/lampp/htdocs/prejetFramework/projetlaravel/vendor/laravel/framework/src/Illuminate/Pipeline/Pipeline.php(180): Illuminate\\Foundation\\Http\\Middleware\\TrimStrings->handle()
#26 /opt/lampp/htdocs/prejetFramework/projetlaravel/vendor/laravel/framework/src/Illuminate/Foundation/Http/Middleware/ValidatePostSize.php(27): Illuminate\\Pipeline\\Pipeline->Illuminate\\Pipeline\\{closure}()
#27 /opt/lampp/htdocs/prejetFramework/projetlaravel/vendor/laravel/framework/src/Illuminate/Pipeline/Pipeline.php(180): Illuminate\\Foundation\\Http\\Middleware\\ValidatePostSize->handle()
#28 /opt/lampp/htdocs/prejetFramework/projetlaravel/vendor/laravel/framework/src/Illuminate/Foundation/Http/Middleware/PreventRequestsDuringMaintenance.php(86): Illuminate\\Pipeline\\Pipeline->Illuminate\\Pipeline\\{closure}()
#29 /opt/lampp/htdocs/prejetFramework/projetlaravel/vendor/laravel/framework/src/Illuminate/Pipeline/Pipeline.php(180): Illuminate\\Foundation\\Http\\Middleware\\PreventRequestsDuringMaintenance->handle()
#30 /opt/lampp/htdocs/prejetFramework/projetlaravel/vendor/laravel/framework/src/Illuminate/Http/Middleware/HandleCors.php(62): Illuminate\\Pipeline\\Pipeline->Illuminate\\Pipeline\\{closure}()
#31 /opt/lampp/htdocs/prejetFramework/projetlaravel/vendor/laravel/framework/src/Illuminate/Pipeline/Pipeline.php(180): Illuminate\\Http\\Middleware\\HandleCors->handle()
#32 /opt/lampp/htdocs/prejetFramework/projetlaravel/vendor/laravel/framework/src/Illuminate/Http/Middleware/TrustProxies.php(39): Illuminate\\Pipeline\\Pipeline->Illuminate\\Pipeline\\{closure}()
#33 /opt/lampp/htdocs/prejetFramework/projetlaravel/vendor/laravel/framework/src/Illuminate/Pipeline/Pipeline.php(180): Illuminate\\Http\\Middleware\\TrustProxies->handle()
#34 /opt/lampp/htdocs/prejetFramework/projetlaravel/vendor/laravel/framework/src/Illuminate/Pipeline/Pipeline.php(116): Illuminate\\Pipeline\\Pipeline->Illuminate\\Pipeline\\{closure}()
#35 /opt/lampp/htdocs/prejetFramework/projetlaravel/vendor/laravel/framework/src/Illuminate/Foundation/Http/Kernel.php(165): Illuminate\\Pipeline\\Pipeline->then()
#36 /opt/lampp/htdocs/prejetFramework/projetlaravel/vendor/laravel/framework/src/Illuminate/Foundation/Http/Kernel.php(134): Illuminate\\Foundation\\Http\\Kernel->sendRequestThroughRouter()
#37 /opt/lampp/htdocs/prejetFramework/projetlaravel/public/index.php(52): Illuminate\\Foundation\\Http\\Kernel->handle()
#38 /opt/lampp/htdocs/prejetFramework/projetlaravel/vendor/laravel/framework/src/Illuminate/Foundation/resources/server.php(16): require_once('...')
#39 {main}
"} 
[2023-01-09 13:48:25] local.ERROR: Please provide a valid cache path. {"exception":"[object] (InvalidArgumentException(code: 0): Please provide a valid cache path. at /home/laye/Documents/testapi/testapi/prejetFramework/projetlaravel/vendor/laravel/framework/src/Illuminate/View/Compilers/Compiler.php:66)
[stacktrace]
#0 /home/laye/Documents/testapi/testapi/prejetFramework/projetlaravel/vendor/laravel/framework/src/Illuminate/View/ViewServiceProvider.php(101): Illuminate\\View\\Compilers\\Compiler->__construct()
#1 /home/laye/Documents/testapi/testapi/prejetFramework/projetlaravel/vendor/laravel/framework/src/Illuminate/Container/Container.php(871): Illuminate\\View\\ViewServiceProvider->Illuminate\\View\\{closure}()
#2 /home/laye/Documents/testapi/testapi/prejetFramework/projetlaravel/vendor/laravel/framework/src/Illuminate/Container/Container.php(756): Illuminate\\Container\\Container->build()
#3 /home/laye/Documents/testapi/testapi/prejetFramework/projetlaravel/vendor/laravel/framework/src/Illuminate/Foundation/Application.php(860): Illuminate\\Container\\Container->resolve()
#4 /home/laye/Documents/testapi/testapi/prejetFramework/projetlaravel/vendor/laravel/framework/src/Illuminate/Container/Container.php(692): Illuminate\\Foundation\\Application->resolve()
#5 /home/laye/Documents/testapi/testapi/prejetFramework/projetlaravel/vendor/laravel/framework/src/Illuminate/Foundation/Application.php(845): Illuminate\\Container\\Container->make()
#6 /home/laye/Documents/testapi/testapi/prejetFramework/projetlaravel/vendor/laravel/framework/src/Illuminate/Container/Container.php(1419): Illuminate\\Foundation\\Application->make()
#7 /home/laye/Documents/testapi/testapi/prejetFramework/projetlaravel/vendor/laravel/framework/src/Illuminate/View/ViewServiceProvider.php(164): Illuminate\\Container\\Container->offsetGet()
#8 [internal function]: Illuminate\\View\\ViewServiceProvider->Illuminate\\View\\{closure}()
#9 /home/laye/Documents/testapi/testapi/prejetFramework/projetlaravel/vendor/laravel/framework/src/Illuminate/View/Engines/EngineResolver.php(55): call_user_func()
#10 /home/laye/Documents/testapi/testapi/prejetFramework/projetlaravel/vendor/laravel/framework/src/Illuminate/View/Factory.php(310): Illuminate\\View\\Engines\\EngineResolver->resolve()
#11 /home/laye/Documents/testapi/testapi/prejetFramework/projetlaravel/vendor/laravel/framework/src/Illuminate/View/Factory.php(274): Illuminate\\View\\Factory->getEngineFromPath()
#12 /home/laye/Documents/testapi/testapi/prejetFramework/projetlaravel/vendor/laravel/framework/src/Illuminate/View/Factory.php(146): Illuminate\\View\\Factory->viewInstance()
#13 /home/laye/Documents/testapi/testapi/prejetFramework/projetlaravel/vendor/laravel/framework/src/Illuminate/Routing/ResponseFactory.php(87): Illuminate\\View\\Factory->make()
#14 /home/laye/Documents/testapi/testapi/prejetFramework/projetlaravel/vendor/laravel/framework/src/Illuminate/Foundation/Exceptions/Handler.php(629): Illuminate\\Routing\\ResponseFactory->view()
#15 /home/laye/Documents/testapi/testapi/prejetFramework/projetlaravel/vendor/laravel/framework/src/Illuminate/Foundation/Exceptions/Handler.php(554): Illuminate\\Foundation\\Exceptions\\Handler->renderHttpException()
#16 /home/laye/Documents/testapi/testapi/prejetFramework/projetlaravel/vendor/laravel/framework/src/Illuminate/Foundation/Exceptions/Handler.php(460): Illuminate\\Foundation\\Exceptions\\Handler->prepareResponse()
#17 /home/laye/Documents/testapi/testapi/prejetFramework/projetlaravel/vendor/laravel/framework/src/Illuminate/Foundation/Exceptions/Handler.php(377): Illuminate\\Foundation\\Exceptions\\Handler->renderExceptionResponse()
#18 /home/laye/Documents/testapi/testapi/prejetFramework/projetlaravel/vendor/laravel/framework/src/Illuminate/Routing/Pipeline.php(51): Illuminate\\Foundation\\Exceptions\\Handler->render()
#19 /home/laye/Documents/testapi/testapi/prejetFramework/projetlaravel/vendor/laravel/framework/src/Illuminate/Pipeline/Pipeline.php(143): Illuminate\\Routing\\Pipeline->handleException()
#20 /home/laye/Documents/testapi/testapi/prejetFramework/projetlaravel/vendor/laravel/framework/src/Illuminate/Foundation/Http/Middleware/TransformsRequest.php(21): Illuminate\\Pipeline\\Pipeline->Illuminate\\Pipeline\\{closure}()
#21 /home/laye/Documents/testapi/testapi/prejetFramework/projetlaravel/vendor/laravel/framework/src/Illuminate/Foundation/Http/Middleware/ConvertEmptyStringsToNull.php(31): Illuminate\\Foundation\\Http\\Middleware\\TransformsRequest->handle()
#22 /home/laye/Documents/testapi/testapi/prejetFramework/projetlaravel/vendor/laravel/framework/src/Illuminate/Pipeline/Pipeline.php(180): Illuminate\\Foundation\\Http\\Middleware\\ConvertEmptyStringsToNull->handle()
#23 /home/laye/Documents/testapi/testapi/prejetFramework/projetlaravel/vendor/laravel/framework/src/Illuminate/Foundation/Http/Middleware/TransformsRequest.php(21): Illuminate\\Pipeline\\Pipeline->Illuminate\\Pipeline\\{closure}()
#24 /home/laye/Documents/testapi/testapi/prejetFramework/projetlaravel/vendor/laravel/framework/src/Illuminate/Foundation/Http/Middleware/TrimStrings.php(40): Illuminate\\Foundation\\Http\\Middleware\\TransformsRequest->handle()
#25 /home/laye/Documents/testapi/testapi/prejetFramework/projetlaravel/vendor/laravel/framework/src/Illuminate/Pipeline/Pipeline.php(180): Illuminate\\Foundation\\Http\\Middleware\\TrimStrings->handle()
#26 /home/laye/Documents/testapi/testapi/prejetFramework/projetlaravel/vendor/laravel/framework/src/Illuminate/Foundation/Http/Middleware/ValidatePostSize.php(27): Illuminate\\Pipeline\\Pipeline->Illuminate\\Pipeline\\{closure}()
#27 /home/laye/Documents/testapi/testapi/prejetFramework/projetlaravel/vendor/laravel/framework/src/Illuminate/Pipeline/Pipeline.php(180): Illuminate\\Foundation\\Http\\Middleware\\ValidatePostSize->handle()
#28 /home/laye/Documents/testapi/testapi/prejetFramework/projetlaravel/vendor/laravel/framework/src/Illuminate/Foundation/Http/Middleware/PreventRequestsDuringMaintenance.php(86): Illuminate\\Pipeline\\Pipeline->Illuminate\\Pipeline\\{closure}()
#29 /home/laye/Documents/testapi/testapi/prejetFramework/projetlaravel/vendor/laravel/framework/src/Illuminate/Pipeline/Pipeline.php(180): Illuminate\\Foundation\\Http\\Middleware\\PreventRequestsDuringMaintenance->handle()
#30 /home/laye/Documents/testapi/testapi/prejetFramework/projetlaravel/vendor/laravel/framework/src/Illuminate/Http/Middleware/HandleCors.php(49): Illuminate\\Pipeline\\Pipeline->Illuminate\\Pipeline\\{closure}()
#31 /home/laye/Documents/testapi/testapi/prejetFramework/projetlaravel/vendor/laravel/framework/src/Illuminate/Pipeline/Pipeline.php(180): Illuminate\\Http\\Middleware\\HandleCors->handle()
#32 /home/laye/Documents/testapi/testapi/prejetFramework/projetlaravel/vendor/laravel/framework/src/Illuminate/Http/Middleware/TrustProxies.php(39): Illuminate\\Pipeline\\Pipeline->Illuminate\\Pipeline\\{closure}()
#33 /home/laye/Documents/testapi/testapi/prejetFramework/projetlaravel/vendor/laravel/framework/src/Illuminate/Pipeline/Pipeline.php(180): Illuminate\\Http\\Middleware\\TrustProxies->handle()
#34 /home/laye/Documents/testapi/testapi/prejetFramework/projetlaravel/vendor/laravel/framework/src/Illuminate/Pipeline/Pipeline.php(116): Illuminate\\Pipeline\\Pipeline->Illuminate\\Pipeline\\{closure}()
#35 /home/laye/Documents/testapi/testapi/prejetFramework/projetlaravel/vendor/laravel/framework/src/Illuminate/Foundation/Http/Kernel.php(165): Illuminate\\Pipeline\\Pipeline->then()
#36 /home/laye/Documents/testapi/testapi/prejetFramework/projetlaravel/vendor/laravel/framework/src/Illuminate/Foundation/Http/Kernel.php(134): Illuminate\\Foundation\\Http\\Kernel->sendRequestThroughRouter()
#37 /home/laye/Documents/testapi/testapi/prejetFramework/projetlaravel/public/index.php(52): Illuminate\\Foundation\\Http\\Kernel->handle()
#38 /home/laye/Documents/testapi/testapi/prejetFramework/projetlaravel/vendor/laravel/framework/src/Illuminate/Foundation/resources/server.php(16): require_once('...')
#39 {main}
"} 
